<?xml version="1.0" encoding="UTF-8" standalone="no"?>
<!DOCTYPE report PUBLIC "-//JACOCO//DTD Report 1.1//EN" "report.dtd"[]>
<report name="Pester (03/18/2026 12:43:08)">
  <sessioninfo id="this" start="1773837782768" dump="1773837788214" />
  <package name="workspace/Private">
    <class name="workspace/Private/Convert-BatchRunSummaryToPublicObject" sourcefilename="Private/Convert-BatchRunSummaryToPublicObject.ps1">
      <method name="Convert-BatchRunSummaryToPublicObject" desc="()" line="25">
        <counter type="INSTRUCTION" missed="0" covered="27" />
        <counter type="LINE" missed="0" covered="25" />
        <counter type="METHOD" missed="0" covered="1" />
      </method>
      <counter type="INSTRUCTION" missed="0" covered="27" />
      <counter type="LINE" missed="0" covered="25" />
      <counter type="METHOD" missed="0" covered="1" />
      <counter type="CLASS" missed="0" covered="1" />
    </class>
    <class name="workspace/Private/Import-AutomationDependencies" sourcefilename="Private/Import-AutomationDependencies.ps1">
      <method name="Import-AutomationDependencies" desc="()" line="19">
        <counter type="INSTRUCTION" missed="0" covered="8" />
        <counter type="LINE" missed="0" covered="8" />
        <counter type="METHOD" missed="0" covered="1" />
      </method>
      <counter type="INSTRUCTION" missed="0" covered="8" />
      <counter type="LINE" missed="0" covered="8" />
      <counter type="METHOD" missed="0" covered="1" />
      <counter type="CLASS" missed="0" covered="1" />
    </class>
    <class name="workspace/Private/Write-AutomationLogEntry" sourcefilename="Private/Write-AutomationLogEntry.ps1">
      <method name="Write-AutomationLogEntry" desc="()" line="25">
        <counter type="INSTRUCTION" missed="1" covered="7" />
        <counter type="LINE" missed="1" covered="7" />
        <counter type="METHOD" missed="0" covered="1" />
      </method>
      <counter type="INSTRUCTION" missed="1" covered="7" />
      <counter type="LINE" missed="1" covered="7" />
      <counter type="METHOD" missed="0" covered="1" />
      <counter type="CLASS" missed="0" covered="1" />
    </class>
    <class name="workspace/Private/Write-AutomationRunLog" sourcefilename="Private/Write-AutomationRunLog.ps1">
      <method name="Write-AutomationRunLog" desc="()" line="31">
        <counter type="INSTRUCTION" missed="0" covered="21" />
        <counter type="LINE" missed="0" covered="18" />
        <counter type="METHOD" missed="0" covered="1" />
      </method>
      <counter type="INSTRUCTION" missed="0" covered="21" />
      <counter type="LINE" missed="0" covered="18" />
      <counter type="METHOD" missed="0" covered="1" />
      <counter type="CLASS" missed="0" covered="1" />
    </class>
    <sourcefile name="Private/Convert-BatchRunSummaryToPublicObject.ps1">
      <line nr="25" mi="0" ci="1" mb="0" cb="0" />
      <line nr="26" mi="0" ci="2" mb="0" cb="0" />
      <line nr="27" mi="0" ci="1" mb="0" cb="0" />
      <line nr="28" mi="0" ci="1" mb="0" cb="0" />
      <line nr="29" mi="0" ci="1" mb="0" cb="0" />
      <line nr="30" mi="0" ci="1" mb="0" cb="0" />
      <line nr="31" mi="0" ci="1" mb="0" cb="0" />
      <line nr="32" mi="0" ci="1" mb="0" cb="0" />
      <line nr="33" mi="0" ci="1" mb="0" cb="0" />
      <line nr="34" mi="0" ci="1" mb="0" cb="0" />
      <line nr="35" mi="0" ci="1" mb="0" cb="0" />
      <line nr="39" mi="0" ci="1" mb="0" cb="0" />
      <line nr="40" mi="0" ci="2" mb="0" cb="0" />
      <line nr="41" mi="0" ci="1" mb="0" cb="0" />
      <line nr="42" mi="0" ci="1" mb="0" cb="0" />
      <line nr="43" mi="0" ci="1" mb="0" cb="0" />
      <line nr="44" mi="0" ci="1" mb="0" cb="0" />
      <line nr="48" mi="0" ci="1" mb="0" cb="0" />
      <line nr="49" mi="0" ci="1" mb="0" cb="0" />
      <line nr="50" mi="0" ci="1" mb="0" cb="0" />
      <line nr="51" mi="0" ci="1" mb="0" cb="0" />
      <line nr="52" mi="0" ci="1" mb="0" cb="0" />
      <line nr="53" mi="0" ci="1" mb="0" cb="0" />
      <line nr="54" mi="0" ci="1" mb="0" cb="0" />
      <line nr="55" mi="0" ci="1" mb="0" cb="0" />
      <counter type="INSTRUCTION" missed="0" covered="27" />
      <counter type="LINE" missed="0" covered="25" />
      <counter type="METHOD" missed="0" covered="1" />
      <counter type="CLASS" missed="0" covered="1" />
    </sourcefile>
    <sourcefile name="Private/Import-AutomationDependencies.ps1">
      <line nr="19" mi="0" ci="1" mb="0" cb="0" />
      <line nr="20" mi="0" ci="1" mb="0" cb="0" />
      <line nr="21" mi="0" ci="1" mb="0" cb="0" />
      <line nr="22" mi="0" ci="1" mb="0" cb="0" />
      <line nr="25" mi="0" ci="1" mb="0" cb="0" />
      <line nr="27" mi="0" ci="1" mb="0" cb="0" />
      <line nr="30" mi="0" ci="1" mb="0" cb="0" />
      <line nr="31" mi="0" ci="1" mb="0" cb="0" />
      <counter type="INSTRUCTION" missed="0" covered="8" />
      <counter type="LINE" missed="0" covered="8" />
      <counter type="METHOD" missed="0" covered="1" />
      <counter type="CLASS" missed="0" covered="1" />
    </sourcefile>
    <sourcefile name="Private/Write-AutomationLogEntry.ps1">
      <line nr="25" mi="0" ci="1" mb="0" cb="0" />
      <line nr="27" mi="0" ci="1" mb="0" cb="0" />
      <line nr="29" mi="0" ci="1" mb="0" cb="0" />
      <line nr="33" mi="0" ci="1" mb="0" cb="0" />
      <line nr="37" mi="0" ci="1" mb="0" cb="0" />
      <line nr="41" mi="0" ci="1" mb="0" cb="0" />
      <line nr="45" mi="0" ci="1" mb="0" cb="0" />
      <line nr="49" mi="1" ci="0" mb="0" cb="0" />
      <counter type="INSTRUCTION" missed="1" covered="7" />
      <counter type="LINE" missed="1" covered="7" />
      <counter type="METHOD" missed="0" covered="1" />
      <counter type="CLASS" missed="0" covered="1" />
    </sourcefile>
    <sourcefile name="Private/Write-AutomationRunLog.ps1">
      <line nr="31" mi="0" ci="1" mb="0" cb="0" />
      <line nr="32" mi="0" ci="1" mb="0" cb="0" />
      <line nr="33" mi="0" ci="1" mb="0" cb="0" />
      <line nr="34" mi="0" ci="1" mb="0" cb="0" />
      <line nr="35" mi="0" ci="1" mb="0" cb="0" />
      <line nr="36" mi="0" ci="2" mb="0" cb="0" />
      <line nr="37" mi="0" ci="1" mb="0" cb="0" />
      <line nr="40" mi="0" ci="2" mb="0" cb="0" />
      <line nr="41" mi="0" ci="1" mb="0" cb="0" />
      <line nr="42" mi="0" ci="1" mb="0" cb="0" />
      <line nr="43" mi="0" ci="1" mb="0" cb="0" />
      <line nr="44" mi="0" ci="1" mb="0" cb="0" />
      <line nr="45" mi="0" ci="1" mb="0" cb="0" />
      <line nr="46" mi="0" ci="1" mb="0" cb="0" />
      <line nr="48" mi="0" ci="2" mb="0" cb="0" />
      <line nr="49" mi="0" ci="1" mb="0" cb="0" />
      <line nr="53" mi="0" ci="1" mb="0" cb="0" />
      <line nr="54" mi="0" ci="1" mb="0" cb="0" />
      <counter type="INSTRUCTION" missed="0" covered="21" />
      <counter type="LINE" missed="0" covered="18" />
      <counter type="METHOD" missed="0" covered="1" />
      <counter type="CLASS" missed="0" covered="1" />
    </sourcefile>
    <counter type="INSTRUCTION" missed="1" covered="63" />
    <counter type="LINE" missed="1" covered="58" />
    <counter type="METHOD" missed="0" covered="4" />
    <counter type="CLASS" missed="0" covered="4" />
  </package>
  <package name="workspace/Public">
    <class name="workspace/Public/Start-DhcpScopeAutomation" sourcefilename="Public/Start-DhcpScopeAutomation.ps1">
      <method name="Start-DhcpScopeAutomation" desc="()" line="82">
        <counter type="INSTRUCTION" missed="1" covered="19" />
        <counter type="LINE" missed="1" covered="15" />
        <counter type="METHOD" missed="0" covered="1" />
      </method>
      <counter type="INSTRUCTION" missed="1" covered="19" />
      <counter type="LINE" missed="1" covered="15" />
      <counter type="METHOD" missed="0" covered="1" />
      <counter type="CLASS" missed="0" covered="1" />
    </class>
    <sourcefile name="Public/Start-DhcpScopeAutomation.ps1">
      <line nr="82" mi="0" ci="1" mb="0" cb="0" />
      <line nr="83" mi="0" ci="1" mb="0" cb="0" />
      <line nr="86" mi="0" ci="1" mb="0" cb="0" />
      <line nr="87" mi="0" ci="1" mb="0" cb="0" />
      <line nr="88" mi="1" ci="0" mb="0" cb="0" />
      <line nr="96" mi="0" ci="1" mb="0" cb="0" />
      <line nr="97" mi="0" ci="1" mb="0" cb="0" />
      <line nr="104" mi="0" ci="1" mb="0" cb="0" />
      <line nr="105" mi="0" ci="2" mb="0" cb="0" />
      <line nr="107" mi="0" ci="2" mb="0" cb="0" />
      <line nr="108" mi="0" ci="2" mb="0" cb="0" />
      <line nr="109" mi="0" ci="1" mb="0" cb="0" />
      <line nr="113" mi="0" ci="1" mb="0" cb="0" />
      <line nr="114" mi="0" ci="2" mb="0" cb="0" />
      <line nr="115" mi="0" ci="1" mb="0" cb="0" />
      <line nr="119" mi="0" ci="1" mb="0" cb="0" />
      <counter type="INSTRUCTION" missed="1" covered="19" />
      <counter type="LINE" missed="1" covered="15" />
      <counter type="METHOD" missed="0" covered="1" />
      <counter type="CLASS" missed="0" covered="1" />
    </sourcefile>
    <counter type="INSTRUCTION" missed="1" covered="19" />
    <counter type="LINE" missed="1" covered="15" />
    <counter type="METHOD" missed="0" covered="1" />
    <counter type="CLASS" missed="0" covered="1" />
  </package>
  <counter type="INSTRUCTION" missed="2" covered="82" />
  <counter type="LINE" missed="2" covered="73" />
  <counter type="METHOD" missed="0" covered="5" />
  <counter type="CLASS" missed="0" covered="5" />
</report>
