<?xml version="1.0" encoding="UTF-8" standalone="no"?>
<!DOCTYPE report PUBLIC "-//JACOCO//DTD Report 1.1//EN" "report.dtd"[]>
<report name="Pester (03/18/2026 10:09:54)">
  <sessioninfo id="this" start="1773828590846" dump="1773828594628" />
  <package name="workspace/Classes">
    <class name="workspace/Classes/AllClasses" sourcefilename="Classes/AllClasses.ps1">
      <method name="OperationAuditEntry" desc="()" line="11">
        <counter type="INSTRUCTION" missed="2" covered="10" />
        <counter type="LINE" missed="2" covered="9" />
        <counter type="METHOD" missed="0" covered="1" />
      </method>
      <method name="IssueHandlingContext" desc="()" line="37">
        <counter type="INSTRUCTION" missed="0" covered="2" />
        <counter type="LINE" missed="0" covered="2" />
        <counter type="METHOD" missed="0" covered="1" />
      </method>
      <method name="CreateUnassigned" desc="()" line="42">
        <counter type="INSTRUCTION" missed="0" covered="1" />
        <counter type="LINE" missed="0" covered="1" />
        <counter type="METHOD" missed="0" covered="1" />
      </method>
      <method name="NormalizeValue" desc="()" line="46">
        <counter type="INSTRUCTION" missed="0" covered="3" />
        <counter type="LINE" missed="0" covered="3" />
        <counter type="METHOD" missed="0" covered="1" />
      </method>
      <method name="GetDepartmentOrDefault" desc="()" line="54">
        <counter type="INSTRUCTION" missed="0" covered="3" />
        <counter type="LINE" missed="0" covered="3" />
        <counter type="METHOD" missed="0" covered="1" />
      </method>
      <method name="GetHandlerOrDefault" desc="()" line="62">
        <counter type="INSTRUCTION" missed="0" covered="3" />
        <counter type="LINE" missed="0" covered="3" />
        <counter type="METHOD" missed="0" covered="1" />
      </method>
      <method name="HasAssignedDepartment" desc="()" line="70">
        <counter type="INSTRUCTION" missed="1" covered="0" />
        <counter type="LINE" missed="1" covered="0" />
        <counter type="METHOD" missed="1" covered="0" />
      </method>
      <method name="HasAssignedHandler" desc="()" line="74">
        <counter type="INSTRUCTION" missed="0" covered="1" />
        <counter type="LINE" missed="0" covered="1" />
        <counter type="METHOD" missed="0" covered="1" />
      </method>
      <method name="OperationIssue" desc="()" line="89">
        <counter type="INSTRUCTION" missed="0" covered="3" />
        <counter type="LINE" missed="0" covered="3" />
        <counter type="METHOD" missed="0" covered="1" />
      </method>
      <method name="Initialize" desc="()" line="115">
        <counter type="INSTRUCTION" missed="5" covered="17" />
        <counter type="LINE" missed="5" covered="17" />
        <counter type="METHOD" missed="0" covered="1" />
      </method>
      <method name="GetHandlingDepartment" desc="()" line="137">
        <counter type="INSTRUCTION" missed="0" covered="1" />
        <counter type="LINE" missed="0" covered="1" />
        <counter type="METHOD" missed="0" covered="1" />
      </method>
      <method name="GetHandlingHandler" desc="()" line="141">
        <counter type="INSTRUCTION" missed="0" covered="1" />
        <counter type="LINE" missed="0" covered="1" />
        <counter type="METHOD" missed="0" covered="1" />
      </method>
      <method name="HasResourceUrl" desc="()" line="145">
        <counter type="INSTRUCTION" missed="0" covered="1" />
        <counter type="LINE" missed="0" covered="1" />
        <counter type="METHOD" missed="0" covered="1" />
      </method>
      <method name="BatchRunSummary" desc="()" line="160">
        <counter type="INSTRUCTION" missed="1" covered="5" />
        <counter type="LINE" missed="1" covered="5" />
        <counter type="METHOD" missed="0" covered="1" />
      </method>
      <method name="AddSuccess" desc="()" line="171">
        <counter type="INSTRUCTION" missed="0" covered="3" />
        <counter type="LINE" missed="0" covered="3" />
        <counter type="METHOD" missed="0" covered="1" />
      </method>
      <method name="AddFailure" desc="()" line="178">
        <counter type="INSTRUCTION" missed="0" covered="6" />
        <counter type="LINE" missed="0" covered="5" />
        <counter type="METHOD" missed="0" covered="1" />
      </method>
      <method name="AddAudit" desc="()" line="188">
        <counter type="INSTRUCTION" missed="0" covered="3" />
        <counter type="LINE" missed="0" covered="2" />
        <counter type="METHOD" missed="0" covered="1" />
      </method>
      <method name="Complete" desc="()" line="193">
        <counter type="INSTRUCTION" missed="0" covered="1" />
        <counter type="LINE" missed="0" covered="1" />
        <counter type="METHOD" missed="0" covered="1" />
      </method>
      <method name="HasFailures" desc="()" line="197">
        <counter type="INSTRUCTION" missed="0" covered="1" />
        <counter type="LINE" missed="0" covered="1" />
        <counter type="METHOD" missed="0" covered="1" />
      </method>
      <method name="EnvironmentContext" desc="()" line="207">
        <counter type="INSTRUCTION" missed="4" covered="7" />
        <counter type="LINE" missed="4" covered="7" />
        <counter type="METHOD" missed="0" covered="1" />
      </method>
      <method name="IsDevelopment" desc="()" line="225">
        <counter type="INSTRUCTION" missed="0" covered="1" />
        <counter type="LINE" missed="0" covered="1" />
        <counter type="METHOD" missed="0" covered="1" />
      </method>
      <method name="IsTest" desc="()" line="229">
        <counter type="INSTRUCTION" missed="0" covered="1" />
        <counter type="LINE" missed="0" covered="1" />
        <counter type="METHOD" missed="0" covered="1" />
      </method>
      <method name="IsProduction" desc="()" line="233">
        <counter type="INSTRUCTION" missed="0" covered="1" />
        <counter type="LINE" missed="0" covered="1" />
        <counter type="METHOD" missed="0" covered="1" />
      </method>
      <method name="GetDelegationValidationDomain" desc="()" line="237">
        <counter type="INSTRUCTION" missed="0" covered="3" />
        <counter type="LINE" missed="0" covered="3" />
        <counter type="METHOD" missed="0" covered="1" />
      </method>
      <method name="IPv4Address" desc="()" line="250">
        <counter type="INSTRUCTION" missed="1" covered="6" />
        <counter type="LINE" missed="1" covered="6" />
        <counter type="METHOD" missed="0" covered="1" />
      </method>
      <method name="ConvertToUInt32" desc="()" line="264">
        <counter type="INSTRUCTION" missed="0" covered="4" />
        <counter type="LINE" missed="0" covered="4" />
        <counter type="METHOD" missed="0" covered="1" />
      </method>
      <method name="ConvertFromUInt32" desc="()" line="271">
        <counter type="INSTRUCTION" missed="0" covered="4" />
        <counter type="LINE" missed="0" covered="3" />
        <counter type="METHOD" missed="0" covered="1" />
      </method>
      <method name="GetUInt32" desc="()" line="277">
        <counter type="INSTRUCTION" missed="0" covered="1" />
        <counter type="LINE" missed="0" covered="1" />
        <counter type="METHOD" missed="0" covered="1" />
      </method>
      <method name="AddOffset" desc="()" line="281">
        <counter type="INSTRUCTION" missed="0" covered="3" />
        <counter type="LINE" missed="0" covered="2" />
        <counter type="METHOD" missed="0" covered="1" />
      </method>
      <method name="ToString" desc="()" line="286">
        <counter type="INSTRUCTION" missed="2" covered="0" />
        <counter type="LINE" missed="2" covered="0" />
        <counter type="METHOD" missed="1" covered="0" />
      </method>
      <method name="IPv4Subnet" desc="()" line="297">
        <counter type="INSTRUCTION" missed="3" covered="12" />
        <counter type="LINE" missed="3" covered="12" />
        <counter type="METHOD" missed="0" covered="1" />
      </method>
      <method name="GetMask" desc="()" line="324">
        <counter type="INSTRUCTION" missed="0" covered="4" />
        <counter type="LINE" missed="0" covered="3" />
        <counter type="METHOD" missed="0" covered="1" />
      </method>
      <method name="MaskAddress" desc="()" line="332">
        <counter type="INSTRUCTION" missed="0" covered="3" />
        <counter type="LINE" missed="0" covered="2" />
        <counter type="METHOD" missed="0" covered="1" />
      </method>
      <method name="GetSubnetMaskString" desc="()" line="337">
        <counter type="INSTRUCTION" missed="0" covered="1" />
        <counter type="LINE" missed="0" covered="1" />
        <counter type="METHOD" missed="0" covered="1" />
      </method>
      <method name="GetBroadcastAddress" desc="()" line="341">
        <counter type="INSTRUCTION" missed="0" covered="5" />
        <counter type="LINE" missed="0" covered="3" />
        <counter type="METHOD" missed="0" covered="1" />
      </method>
      <method name="GetAddressAtOffset" desc="()" line="347">
        <counter type="INSTRUCTION" missed="0" covered="1" />
        <counter type="LINE" missed="0" covered="1" />
        <counter type="METHOD" missed="0" covered="1" />
      </method>
      <method name="GetReverseZoneName" desc="()" line="351">
        <counter type="INSTRUCTION" missed="5" covered="7" />
        <counter type="LINE" missed="4" covered="6" />
        <counter type="METHOD" missed="0" covered="1" />
      </method>
      <method name="GetAdLookupCandidates" desc="()" line="368">
        <counter type="INSTRUCTION" missed="1" covered="14" />
        <counter type="LINE" missed="1" covered="12" />
        <counter type="METHOD" missed="0" covered="1" />
      </method>
      <method name="Get24BlockBaseAddresses" desc="()" line="393">
        <counter type="INSTRUCTION" missed="0" covered="11" />
        <counter type="LINE" missed="0" covered="8" />
        <counter type="METHOD" missed="0" covered="1" />
      </method>
      <method name="DhcpExclusionRange" desc="()" line="418">
        <counter type="INSTRUCTION" missed="0" covered="2" />
        <counter type="LINE" missed="0" covered="2" />
        <counter type="METHOD" missed="0" covered="1" />
      </method>
      <method name="DhcpRange" desc="()" line="459">
        <counter type="INSTRUCTION" missed="5" covered="10" />
        <counter type="LINE" missed="1" covered="10" />
        <counter type="METHOD" missed="0" covered="1" />
      </method>
      <method name="FromSubnet" desc="()" line="475">
        <counter type="INSTRUCTION" missed="2" covered="19" />
        <counter type="LINE" missed="2" covered="15" />
        <counter type="METHOD" missed="0" covered="1" />
      </method>
      <method name="PrefixWorkItem" desc="()" line="541">
        <counter type="INSTRUCTION" missed="9" covered="21" />
        <counter type="LINE" missed="0" covered="21" />
        <counter type="METHOD" missed="0" covered="1" />
      </method>
      <method name="GetGatewayFqdn" desc="()" line="566">
        <counter type="INSTRUCTION" missed="1" covered="2" />
        <counter type="LINE" missed="1" covered="2" />
        <counter type="METHOD" missed="0" covered="1" />
      </method>
      <method name="GetIdentifier" desc="()" line="574">
        <counter type="INSTRUCTION" missed="0" covered="2" />
        <counter type="LINE" missed="0" covered="2" />
        <counter type="METHOD" missed="0" covered="1" />
      </method>
      <method name="IpAddressWorkItem" desc="()" line="595">
        <counter type="INSTRUCTION" missed="4" covered="10" />
        <counter type="LINE" missed="0" covered="10" />
        <counter type="METHOD" missed="0" covered="1" />
      </method>
      <method name="GetFqdn" desc="()" line="613">
        <counter type="INSTRUCTION" missed="0" covered="5" />
        <counter type="LINE" missed="0" covered="5" />
        <counter type="METHOD" missed="0" covered="1" />
      </method>
      <method name="DhcpScopeDefinition" desc="()" line="646">
        <counter type="INSTRUCTION" missed="5" covered="13" />
        <counter type="LINE" missed="0" covered="13" />
        <counter type="METHOD" missed="0" covered="1" />
      </method>
      <method name="FromPrefixWorkItem" desc="()" line="663">
        <counter type="INSTRUCTION" missed="2" covered="25" />
        <counter type="LINE" missed="2" covered="24" />
        <counter type="METHOD" missed="0" covered="1" />
      </method>
      <method name="PrerequisiteEvaluation" desc="()" line="732">
        <counter type="INSTRUCTION" missed="0" covered="8" />
        <counter type="LINE" missed="0" covered="8" />
        <counter type="METHOD" missed="0" covered="1" />
      </method>
      <method name="AddReason" desc="()" line="743">
        <counter type="INSTRUCTION" missed="0" covered="3" />
        <counter type="LINE" missed="0" covered="2" />
        <counter type="METHOD" missed="0" covered="1" />
      </method>
      <method name="AutomationCredential" desc="()" line="756">
        <counter type="INSTRUCTION" missed="3" covered="6" />
        <counter type="LINE" missed="0" covered="6" />
        <counter type="METHOD" missed="0" covered="1" />
      </method>
      <method name="GetPlainApiKey" desc="()" line="766">
        <counter type="INSTRUCTION" missed="0" covered="5" />
        <counter type="LINE" missed="0" covered="5" />
        <counter type="METHOD" missed="0" covered="1" />
      </method>
      <method name="DnsExecutionContext" desc="()" line="785">
        <counter type="INSTRUCTION" missed="6" covered="0" />
        <counter type="LINE" missed="6" covered="0" />
        <counter type="METHOD" missed="1" covered="0" />
      </method>
      <method name="EnvFileConfigurationProvider" desc="()" line="804">
        <counter type="INSTRUCTION" missed="1" covered="12" />
        <counter type="LINE" missed="1" covered="12" />
        <counter type="METHOD" missed="0" covered="1" />
      </method>
      <method name="GetValue" desc="()" line="827">
        <counter type="INSTRUCTION" missed="1" covered="4" />
        <counter type="LINE" missed="1" covered="4" />
        <counter type="METHOD" missed="0" covered="1" />
      </method>
      <method name="GetStringArray" desc="()" line="839">
        <counter type="INSTRUCTION" missed="0" covered="7" />
        <counter type="LINE" missed="0" covered="2" />
        <counter type="METHOD" missed="0" covered="1" />
      </method>
      <method name="SecureFileCredentialProvider" desc="()" line="849">
        <counter type="INSTRUCTION" missed="3" covered="4" />
        <counter type="LINE" missed="2" covered="3" />
        <counter type="METHOD" missed="0" covered="1" />
      </method>
      <method name="GetApiCredential" desc="()" line="861">
        <counter type="INSTRUCTION" missed="13" covered="11" />
        <counter type="LINE" missed="10" covered="10" />
        <counter type="METHOD" missed="0" covered="1" />
      </method>
      <method name="NetBoxClient" desc="()" line="909">
        <counter type="INSTRUCTION" missed="1" covered="3" />
        <counter type="LINE" missed="1" covered="3" />
        <counter type="METHOD" missed="0" covered="1" />
      </method>
      <method name="GetJsonHeaders" desc="()" line="918">
        <counter type="INSTRUCTION" missed="5" covered="0" />
        <counter type="LINE" missed="4" covered="0" />
        <counter type="METHOD" missed="1" covered="0" />
      </method>
      <method name="BuildQueryString" desc="()" line="926">
        <counter type="INSTRUCTION" missed="14" covered="0" />
        <counter type="LINE" missed="12" covered="0" />
        <counter type="METHOD" missed="1" covered="0" />
      </method>
      <method name="GetPaged" desc="()" line="951">
        <counter type="INSTRUCTION" missed="15" covered="0" />
        <counter type="LINE" missed="14" covered="0" />
        <counter type="METHOD" missed="1" covered="0" />
      </method>
      <method name="GetIpAddressById" desc="()" line="977">
        <counter type="INSTRUCTION" missed="2" covered="0" />
        <counter type="LINE" missed="2" covered="0" />
        <counter type="METHOD" missed="1" covered="0" />
      </method>
      <method name="GetSiteById" desc="()" line="982">
        <counter type="INSTRUCTION" missed="2" covered="0" />
        <counter type="LINE" missed="2" covered="0" />
        <counter type="METHOD" missed="1" covered="0" />
      </method>
      <method name="GetOpenPrefixWorkItems" desc="()" line="987">
        <counter type="INSTRUCTION" missed="12" covered="0" />
        <counter type="LINE" missed="11" covered="0" />
        <counter type="METHOD" missed="1" covered="0" />
      </method>
      <method name="GetMostSpecificPrefixForAddress" desc="()" line="1019">
        <counter type="INSTRUCTION" missed="13" covered="0" />
        <counter type="LINE" missed="7" covered="0" />
        <counter type="METHOD" missed="1" covered="0" />
      </method>
      <method name="GetIpWorkItems" desc="()" line="1031">
        <counter type="INSTRUCTION" missed="14" covered="0" />
        <counter type="LINE" missed="12" covered="0" />
        <counter type="METHOD" missed="1" covered="0" />
      </method>
      <method name="UpdatePrefixTicketUrl" desc="()" line="1065">
        <counter type="INSTRUCTION" missed="7" covered="0" />
        <counter type="LINE" missed="6" covered="0" />
        <counter type="METHOD" missed="1" covered="0" />
      </method>
      <method name="MarkPrefixOnboardingDone" desc="()" line="1076">
        <counter type="INSTRUCTION" missed="6" covered="0" />
        <counter type="LINE" missed="3" covered="0" />
        <counter type="METHOD" missed="1" covered="0" />
      </method>
      <method name="UpdateIpStatus" desc="()" line="1082">
        <counter type="INSTRUCTION" missed="6" covered="0" />
        <counter type="LINE" missed="3" covered="0" />
        <counter type="METHOD" missed="1" covered="0" />
      </method>
      <method name="AddJournalEntry" desc="()" line="1088">
        <counter type="INSTRUCTION" missed="12" covered="0" />
        <counter type="LINE" missed="11" covered="0" />
        <counter type="METHOD" missed="1" covered="0" />
      </method>
      <method name="GetPrefixUrl" desc="()" line="1105">
        <counter type="INSTRUCTION" missed="0" covered="1" />
        <counter type="LINE" missed="0" covered="1" />
        <counter type="METHOD" missed="0" covered="1" />
      </method>
      <method name="GetIpAddressUrl" desc="()" line="1109">
        <counter type="INSTRUCTION" missed="0" covered="1" />
        <counter type="LINE" missed="0" covered="1" />
        <counter type="METHOD" missed="0" covered="1" />
      </method>
      <method name="JiraClient" desc="()" line="1119">
        <counter type="INSTRUCTION" missed="1" covered="3" />
        <counter type="LINE" missed="1" covered="3" />
        <counter type="METHOD" missed="0" covered="1" />
      </method>
      <method name="GetHeaders" desc="()" line="1128">
        <counter type="INSTRUCTION" missed="4" covered="0" />
        <counter type="LINE" missed="3" covered="0" />
        <counter type="METHOD" missed="1" covered="0" />
      </method>
      <method name="GetTicketKeyFromUrl" desc="()" line="1135">
        <counter type="INSTRUCTION" missed="2" covered="4" />
        <counter type="LINE" missed="2" covered="4" />
        <counter type="METHOD" missed="0" covered="1" />
      </method>
      <method name="GetTicketStatus" desc="()" line="1148">
        <counter type="INSTRUCTION" missed="3" covered="0" />
        <counter type="LINE" missed="3" covered="0" />
        <counter type="METHOD" missed="1" covered="0" />
      </method>
      <method name="SetTicketStatus" desc="()" line="1154">
        <counter type="INSTRUCTION" missed="15" covered="0" />
        <counter type="LINE" missed="11" covered="0" />
        <counter type="METHOD" missed="1" covered="0" />
      </method>
      <method name="EnsureTicketClosed" desc="()" line="1173">
        <counter type="INSTRUCTION" missed="6" covered="0" />
        <counter type="LINE" missed="6" covered="0" />
        <counter type="METHOD" missed="1" covered="0" />
      </method>
      <method name="CreatePrerequisiteTicket" desc="()" line="1187">
        <counter type="INSTRUCTION" missed="27" covered="0" />
        <counter type="LINE" missed="23" covered="0" />
        <counter type="METHOD" missed="1" covered="0" />
      </method>
      <method name="GetDomainControllerName" desc="()" line="1229">
        <counter type="INSTRUCTION" missed="2" covered="0" />
        <counter type="LINE" missed="1" covered="0" />
        <counter type="METHOD" missed="1" covered="0" />
      </method>
      <method name="GetDomainDnsRoot" desc="()" line="1233">
        <counter type="INSTRUCTION" missed="2" covered="0" />
        <counter type="LINE" missed="1" covered="0" />
        <counter type="METHOD" missed="1" covered="0" />
      </method>
      <method name="GetForestShortName" desc="()" line="1237">
        <counter type="INSTRUCTION" missed="9" covered="0" />
        <counter type="LINE" missed="9" covered="0" />
        <counter type="METHOD" missed="1" covered="0" />
      </method>
      <method name="GetSubnetSite" desc="()" line="1251">
        <counter type="INSTRUCTION" missed="11" covered="0" />
        <counter type="LINE" missed="7" covered="0" />
        <counter type="METHOD" missed="1" covered="0" />
      </method>
      <method name="FindBestReverseZoneName" desc="()" line="1275">
        <counter type="INSTRUCTION" missed="21" covered="0" />
        <counter type="LINE" missed="16" covered="0" />
        <counter type="METHOD" missed="1" covered="0" />
      </method>
      <method name="TestReverseZoneDelegation" desc="()" line="1304">
        <counter type="INSTRUCTION" missed="12" covered="0" />
        <counter type="LINE" missed="11" covered="0" />
        <counter type="METHOD" missed="1" covered="0" />
      </method>
      <method name="GetRelativeDnsName" desc="()" line="1329">
        <counter type="INSTRUCTION" missed="5" covered="0" />
        <counter type="LINE" missed="3" covered="0" />
        <counter type="METHOD" missed="1" covered="0" />
      </method>
      <method name="GetPtrOwnerName" desc="()" line="1337">
        <counter type="INSTRUCTION" missed="16" covered="0" />
        <counter type="LINE" missed="12" covered="0" />
        <counter type="METHOD" missed="1" covered="0" />
      </method>
      <method name="RemoveDnsRecordsForIp" desc="()" line="1356">
        <counter type="INSTRUCTION" missed="14" covered="0" />
        <counter type="LINE" missed="10" covered="0" />
        <counter type="METHOD" missed="1" covered="0" />
      </method>
      <method name="EnsureDnsRecordsForIp" desc="()" line="1382">
        <counter type="INSTRUCTION" missed="9" covered="0" />
        <counter type="LINE" missed="9" covered="0" />
        <counter type="METHOD" missed="1" covered="0" />
      </method>
      <method name="GetSitePattern" desc="()" line="1401">
        <counter type="INSTRUCTION" missed="15" covered="0" />
        <counter type="LINE" missed="15" covered="0" />
        <counter type="METHOD" missed="1" covered="0" />
      </method>
      <method name="IsPrimaryServer" desc="()" line="1423">
        <counter type="INSTRUCTION" missed="5" covered="0" />
        <counter type="LINE" missed="5" covered="0" />
        <counter type="METHOD" missed="1" covered="0" />
      </method>
      <method name="GetCurrentDomainSuffix" desc="()" line="1437">
        <counter type="INSTRUCTION" missed="2" covered="0" />
        <counter type="LINE" missed="1" covered="0" />
        <counter type="METHOD" missed="1" covered="0" />
      </method>
      <method name="GetPrimaryServerForSite" desc="()" line="1441">
        <counter type="INSTRUCTION" missed="13" covered="0" />
        <counter type="LINE" missed="13" covered="0" />
        <counter type="METHOD" missed="1" covered="0" />
      </method>
      <method name="EnsureScope" desc="()" line="1466">
        <counter type="INSTRUCTION" missed="16" covered="0" />
        <counter type="LINE" missed="15" covered="0" />
        <counter type="METHOD" missed="1" covered="0" />
      </method>
      <method name="EnsureScopeFailover" desc="()" line="1517">
        <counter type="INSTRUCTION" missed="5" covered="0" />
        <counter type="LINE" missed="3" covered="0" />
        <counter type="METHOD" missed="1" covered="0" />
      </method>
      <method name="RemoveScope" desc="()" line="1531">
        <counter type="INSTRUCTION" missed="1" covered="0" />
        <counter type="LINE" missed="1" covered="0" />
        <counter type="METHOD" missed="1" covered="0" />
      </method>
      <method name="SmtpMailClient" desc="()" line="1540">
        <counter type="INSTRUCTION" missed="1" covered="2" />
        <counter type="LINE" missed="1" covered="2" />
        <counter type="METHOD" missed="0" covered="1" />
      </method>
      <method name="SendHtmlMail" desc="()" line="1548">
        <counter type="INSTRUCTION" missed="4" covered="0" />
        <counter type="LINE" missed="3" covered="0" />
        <counter type="METHOD" missed="1" covered="0" />
      </method>
      <method name="WorkItemLogService" desc="()" line="1562">
        <counter type="INSTRUCTION" missed="1" covered="6" />
        <counter type="LINE" missed="1" covered="4" />
        <counter type="METHOD" missed="0" covered="1" />
      </method>
      <method name="SanitizeIdentifier" desc="()" line="1574">
        <counter type="INSTRUCTION" missed="1" covered="4" />
        <counter type="LINE" missed="1" covered="4" />
        <counter type="METHOD" missed="0" covered="1" />
      </method>
      <method name="CreateLogPath" desc="()" line="1584">
        <counter type="INSTRUCTION" missed="0" covered="4" />
        <counter type="LINE" missed="0" covered="3" />
        <counter type="METHOD" missed="0" covered="1" />
      </method>
      <method name="WriteLog" desc="()" line="1590">
        <counter type="INSTRUCTION" missed="0" covered="5" />
        <counter type="LINE" missed="0" covered="2" />
        <counter type="METHOD" missed="0" covered="1" />
      </method>
      <method name="WorkItemJournalService" desc="()" line="1600">
        <counter type="INSTRUCTION" missed="0" covered="1" />
        <counter type="LINE" missed="0" covered="1" />
        <counter type="METHOD" missed="0" covered="1" />
      </method>
      <method name="JoinLines" desc="()" line="1604">
        <counter type="INSTRUCTION" missed="6" covered="0" />
        <counter type="LINE" missed="1" covered="0" />
        <counter type="METHOD" missed="1" covered="0" />
      </method>
      <method name="WriteEntry" desc="()" line="1608">
        <counter type="INSTRUCTION" missed="1" covered="0" />
        <counter type="LINE" missed="1" covered="0" />
        <counter type="METHOD" missed="1" covered="0" />
      </method>
      <method name="WritePrefixInfo" desc="()" line="1612">
        <counter type="INSTRUCTION" missed="1" covered="0" />
        <counter type="LINE" missed="1" covered="0" />
        <counter type="METHOD" missed="1" covered="0" />
      </method>
      <method name="WritePrefixError" desc="()" line="1616">
        <counter type="INSTRUCTION" missed="1" covered="0" />
        <counter type="LINE" missed="1" covered="0" />
        <counter type="METHOD" missed="1" covered="0" />
      </method>
      <method name="WriteIpInfo" desc="()" line="1620">
        <counter type="INSTRUCTION" missed="1" covered="0" />
        <counter type="LINE" missed="1" covered="0" />
        <counter type="METHOD" missed="1" covered="0" />
      </method>
      <method name="WriteIpError" desc="()" line="1624">
        <counter type="INSTRUCTION" missed="1" covered="0" />
        <counter type="LINE" missed="1" covered="0" />
        <counter type="METHOD" missed="1" covered="0" />
      </method>
      <method name="PrerequisiteValidationService" desc="()" line="1639">
        <counter type="INSTRUCTION" missed="0" covered="3" />
        <counter type="LINE" missed="0" covered="3" />
        <counter type="METHOD" missed="0" covered="1" />
      </method>
      <method name="Evaluate" desc="()" line="1646">
        <counter type="INSTRUCTION" missed="12" covered="20" />
        <counter type="LINE" missed="10" covered="20" />
        <counter type="METHOD" missed="0" covered="1" />
      </method>
      <method name="DhcpServerSelectionService" desc="()" line="1698">
        <counter type="INSTRUCTION" missed="0" covered="1" />
        <counter type="LINE" missed="0" covered="1" />
        <counter type="METHOD" missed="0" covered="1" />
      </method>
      <method name="SelectServer" desc="()" line="1702">
        <counter type="INSTRUCTION" missed="2" covered="3" />
        <counter type="LINE" missed="2" covered="3" />
        <counter type="METHOD" missed="0" covered="1" />
      </method>
      <method name="GatewayDnsService" desc="()" line="1720">
        <counter type="INSTRUCTION" missed="0" covered="2" />
        <counter type="LINE" missed="0" covered="2" />
        <counter type="METHOD" missed="0" covered="1" />
      </method>
      <method name="ResolveDnsExecutionContext" desc="()" line="1726">
        <counter type="INSTRUCTION" missed="6" covered="0" />
        <counter type="LINE" missed="5" covered="0" />
        <counter type="METHOD" missed="1" covered="0" />
      </method>
      <method name="EnsurePrefixGatewayDns" desc="()" line="1738">
        <counter type="INSTRUCTION" missed="2" covered="0" />
        <counter type="LINE" missed="2" covered="0" />
        <counter type="METHOD" missed="1" covered="0" />
      </method>
      <method name="EnsureIpDns" desc="()" line="1752">
        <counter type="INSTRUCTION" missed="5" covered="0" />
        <counter type="LINE" missed="4" covered="0" />
        <counter type="METHOD" missed="1" covered="0" />
      </method>
      <method name="RemoveIpDns" desc="()" line="1770">
        <counter type="INSTRUCTION" missed="2" covered="0" />
        <counter type="LINE" missed="2" covered="0" />
        <counter type="METHOD" missed="1" covered="0" />
      </method>
      <method name="EscapeHtml" desc="()" line="1784">
        <counter type="INSTRUCTION" missed="1" covered="2" />
        <counter type="LINE" missed="1" covered="2" />
        <counter type="METHOD" missed="0" covered="1" />
      </method>
      <method name="GroupByDepartment" desc="()" line="1792">
        <counter type="INSTRUCTION" missed="0" covered="9" />
        <counter type="LINE" missed="0" covered="7" />
        <counter type="METHOD" missed="0" covered="1" />
      </method>
      <method name="BuildIssueMarkup" desc="()" line="1807">
        <counter type="INSTRUCTION" missed="0" covered="10" />
        <counter type="LINE" missed="0" covered="7" />
        <counter type="METHOD" missed="0" covered="1" />
      </method>
      <method name="BuildDepartmentSection" desc="()" line="1825">
        <counter type="INSTRUCTION" missed="0" covered="8" />
        <counter type="LINE" missed="0" covered="6" />
        <counter type="METHOD" missed="0" covered="1" />
      </method>
      <method name="BuildFailureSummaryBody" desc="()" line="1839">
        <counter type="INSTRUCTION" missed="1" covered="10" />
        <counter type="LINE" missed="1" covered="7" />
        <counter type="METHOD" missed="0" covered="1" />
      </method>
      <method name="BatchNotificationService" desc="()" line="1865">
        <counter type="INSTRUCTION" missed="2" covered="4" />
        <counter type="LINE" missed="2" covered="4" />
        <counter type="METHOD" missed="0" covered="1" />
      </method>
      <method name="CollectIssues" desc="()" line="1878">
        <counter type="INSTRUCTION" missed="0" covered="8" />
        <counter type="LINE" missed="0" covered="5" />
        <counter type="METHOD" missed="0" covered="1" />
      </method>
      <method name="SendFailureSummary" desc="()" line="1890">
        <counter type="INSTRUCTION" missed="0" covered="5" />
        <counter type="LINE" missed="0" covered="5" />
        <counter type="METHOD" missed="0" covered="1" />
      </method>
      <method name="PrefixOnboardingService" desc="()" line="1928">
        <counter type="INSTRUCTION" missed="0" covered="9" />
        <counter type="LINE" missed="0" covered="9" />
        <counter type="METHOD" missed="0" covered="1" />
      </method>
      <method name="ProcessBatch" desc="()" line="1941">
        <counter type="INSTRUCTION" missed="2" covered="2" />
        <counter type="LINE" missed="2" covered="2" />
        <counter type="METHOD" missed="0" covered="1" />
      </method>
      <method name="ProcessWorkItems" desc="()" line="1947">
        <counter type="INSTRUCTION" missed="0" covered="21" />
        <counter type="LINE" missed="0" covered="14" />
        <counter type="METHOD" missed="0" covered="1" />
      </method>
      <method name="ProcessWorkItem" desc="()" line="1961">
        <counter type="INSTRUCTION" missed="0" covered="31" />
        <counter type="LINE" missed="0" covered="22" />
        <counter type="METHOD" missed="0" covered="1" />
      </method>
      <method name="HandleBlockedPrerequisites" desc="()" line="1992">
        <counter type="INSTRUCTION" missed="5" covered="11" />
        <counter type="LINE" missed="4" covered="9" />
        <counter type="METHOD" missed="0" covered="1" />
      </method>
      <method name="CompleteNoDhcpPrefix" desc="()" line="2013">
        <counter type="INSTRUCTION" missed="0" covered="10" />
        <counter type="LINE" missed="0" covered="8" />
        <counter type="METHOD" missed="0" covered="1" />
      </method>
      <method name="CompleteDhcpBackedPrefix" desc="()" line="2031">
        <counter type="INSTRUCTION" missed="4" covered="18" />
        <counter type="LINE" missed="2" covered="16" />
        <counter type="METHOD" missed="0" covered="1" />
      </method>
      <method name="HandleProcessingFailure" desc="()" line="2066">
        <counter type="INSTRUCTION" missed="0" covered="18" />
        <counter type="LINE" missed="0" covered="12" />
        <counter type="METHOD" missed="0" covered="1" />
      </method>
      <method name="BuildFailureHandlingContext" desc="()" line="2090">
        <counter type="INSTRUCTION" missed="0" covered="2" />
        <counter type="LINE" missed="0" covered="2" />
        <counter type="METHOD" missed="0" covered="1" />
      </method>
      <method name="WriteExecutionLog" desc="()" line="2094">
        <counter type="INSTRUCTION" missed="0" covered="12" />
        <counter type="LINE" missed="0" covered="8" />
        <counter type="METHOD" missed="0" covered="1" />
      </method>
      <method name="IpDnsLifecycleService" desc="()" line="2119">
        <counter type="INSTRUCTION" missed="0" covered="5" />
        <counter type="LINE" missed="0" covered="5" />
        <counter type="METHOD" missed="0" covered="1" />
      </method>
      <method name="InitializeMode" desc="()" line="2128">
        <counter type="INSTRUCTION" missed="1" covered="14" />
        <counter type="LINE" missed="1" covered="12" />
        <counter type="METHOD" missed="0" covered="1" />
      </method>
      <method name="ValidateWorkItem" desc="()" line="2198">
        <counter type="INSTRUCTION" missed="0" covered="3" />
        <counter type="LINE" missed="0" covered="2" />
        <counter type="METHOD" missed="0" covered="1" />
      </method>
      <method name="ExecuteDnsLifecycle" desc="()" line="2205">
        <counter type="INSTRUCTION" missed="2" covered="3" />
        <counter type="LINE" missed="1" covered="3" />
        <counter type="METHOD" missed="0" covered="1" />
      </method>
      <method name="GetLifecycleDisplayName" desc="()" line="2261">
        <counter type="INSTRUCTION" missed="2" covered="5" />
        <counter type="LINE" missed="1" covered="5" />
        <counter type="METHOD" missed="0" covered="1" />
      </method>
      <method name="GetProcessingLine" desc="()" line="2272">
        <counter type="INSTRUCTION" missed="2" covered="7" />
        <counter type="LINE" missed="1" covered="5" />
        <counter type="METHOD" missed="0" covered="1" />
      </method>
      <method name="GetDnsLifecycleResultLine" desc="()" line="2283">
        <counter type="INSTRUCTION" missed="2" covered="5" />
        <counter type="LINE" missed="1" covered="5" />
        <counter type="METHOD" missed="0" covered="1" />
      </method>
      <method name="GetSuccessSummaryMessage" desc="()" line="2294">
        <counter type="INSTRUCTION" missed="2" covered="7" />
        <counter type="LINE" missed="1" covered="5" />
        <counter type="METHOD" missed="0" covered="1" />
      </method>
      <method name="GetFailureMessage" desc="()" line="2305">
        <counter type="INSTRUCTION" missed="2" covered="9" />
        <counter type="LINE" missed="1" covered="5" />
        <counter type="METHOD" missed="0" covered="1" />
      </method>
      <method name="AutomationCoordinator" desc="()" line="2329">
        <counter type="INSTRUCTION" missed="0" covered="4" />
        <counter type="LINE" missed="0" covered="4" />
        <counter type="METHOD" missed="0" covered="1" />
      </method>
      <method name="Run" desc="()" line="2344">
        <counter type="INSTRUCTION" missed="2" covered="13" />
        <counter type="LINE" missed="2" covered="13" />
        <counter type="METHOD" missed="0" covered="1" />
      </method>
      <method name="AutomationRuntime" desc="()" line="2395">
        <counter type="INSTRUCTION" missed="4" covered="14" />
        <counter type="LINE" missed="4" covered="9" />
        <counter type="METHOD" missed="0" covered="1" />
      </method>
      <method name="Execute" desc="()" line="2426">
        <counter type="INSTRUCTION" missed="0" covered="1" />
        <counter type="LINE" missed="0" covered="1" />
        <counter type="METHOD" missed="0" covered="1" />
      </method>
      <method name="CreateRuntime" desc="()" line="2440">
        <counter type="INSTRUCTION" missed="0" covered="26" />
        <counter type="LINE" missed="0" covered="26" />
        <counter type="METHOD" missed="0" covered="1" />
      </method>
      <method name="AutomationRuntimeFactory" desc="()" line="2457">
        <counter type="INSTRUCTION" missed="1" covered="8" />
        <counter type="LINE" missed="0" covered="4" />
        <counter type="METHOD" missed="0" covered="1" />
      </method>
      <method name="ResolveEnvironment" desc="()" line="2515">
        <counter type="INSTRUCTION" missed="1" covered="2" />
        <counter type="LINE" missed="1" covered="2" />
        <counter type="METHOD" missed="0" covered="1" />
      </method>
      <method name="ResolveEmailRecipients" desc="()" line="2523">
        <counter type="INSTRUCTION" missed="2" covered="2" />
        <counter type="LINE" missed="1" covered="2" />
        <counter type="METHOD" missed="0" covered="1" />
      </method>
      <counter type="INSTRUCTION" missed="490" covered="704" />
      <counter type="LINE" missed="383" covered="605" />
      <counter type="METHOD" missed="48" covered="107" />
      <counter type="CLASS" missed="0" covered="1" />
    </class>
    <sourcefile name="Classes/AllClasses.ps1">
      <line nr="11" mi="0" ci="1" mb="0" cb="0" />
      <line nr="12" mi="1" ci="0" mb="0" cb="0" />
      <line nr="15" mi="0" ci="1" mb="0" cb="0" />
      <line nr="16" mi="1" ci="0" mb="0" cb="0" />
      <line nr="19" mi="0" ci="1" mb="0" cb="0" />
      <line nr="20" mi="0" ci="2" mb="0" cb="0" />
      <line nr="21" mi="0" ci="1" mb="0" cb="0" />
      <line nr="22" mi="0" ci="1" mb="0" cb="0" />
      <line nr="25" mi="0" ci="1" mb="0" cb="0" />
      <line nr="26" mi="0" ci="1" mb="0" cb="0" />
      <line nr="27" mi="0" ci="1" mb="0" cb="0" />
      <line nr="37" mi="0" ci="1" mb="0" cb="0" />
      <line nr="38" mi="0" ci="1" mb="0" cb="0" />
      <line nr="42" mi="0" ci="1" mb="0" cb="0" />
      <line nr="46" mi="0" ci="1" mb="0" cb="0" />
      <line nr="47" mi="0" ci="1" mb="0" cb="0" />
      <line nr="50" mi="0" ci="1" mb="0" cb="0" />
      <line nr="54" mi="0" ci="1" mb="0" cb="0" />
      <line nr="55" mi="0" ci="1" mb="0" cb="0" />
      <line nr="58" mi="0" ci="1" mb="0" cb="0" />
      <line nr="62" mi="0" ci="1" mb="0" cb="0" />
      <line nr="63" mi="0" ci="1" mb="0" cb="0" />
      <line nr="66" mi="0" ci="1" mb="0" cb="0" />
      <line nr="70" mi="1" ci="0" mb="0" cb="0" />
      <line nr="74" mi="0" ci="1" mb="0" cb="0" />
      <line nr="89" mi="0" ci="1" mb="0" cb="0" />
      <line nr="93" mi="0" ci="1" mb="0" cb="0" />
      <line nr="104" mi="0" ci="1" mb="0" cb="0" />
      <line nr="115" mi="0" ci="1" mb="0" cb="0" />
      <line nr="116" mi="1" ci="0" mb="0" cb="0" />
      <line nr="119" mi="0" ci="1" mb="0" cb="0" />
      <line nr="120" mi="1" ci="0" mb="0" cb="0" />
      <line nr="123" mi="0" ci="1" mb="0" cb="0" />
      <line nr="124" mi="1" ci="0" mb="0" cb="0" />
      <line nr="127" mi="0" ci="1" mb="0" cb="0" />
      <line nr="128" mi="0" ci="1" mb="0" cb="0" />
      <line nr="129" mi="0" ci="1" mb="0" cb="0" />
      <line nr="130" mi="0" ci="1" mb="0" cb="0" />
      <line nr="131" mi="0" ci="1" mb="0" cb="0" />
      <line nr="132" mi="0" ci="1" mb="0" cb="0" />
      <line nr="133" mi="0" ci="1" mb="0" cb="0" />
      <line nr="137" mi="0" ci="1" mb="0" cb="0" />
      <line nr="141" mi="0" ci="1" mb="0" cb="0" />
      <line nr="145" mi="0" ci="1" mb="0" cb="0" />
      <line nr="160" mi="0" ci="1" mb="0" cb="0" />
      <line nr="161" mi="1" ci="0" mb="0" cb="0" />
      <line nr="164" mi="0" ci="1" mb="0" cb="0" />
      <line nr="165" mi="0" ci="1" mb="0" cb="0" />
      <line nr="166" mi="0" ci="1" mb="0" cb="0" />
      <line nr="167" mi="0" ci="1" mb="0" cb="0" />
      <line nr="171" mi="0" ci="1" mb="0" cb="0" />
      <line nr="172" mi="0" ci="1" mb="0" cb="0" />
      <line nr="173" mi="0" ci="1" mb="0" cb="0" />
      <line nr="178" mi="0" ci="1" mb="0" cb="0" />
      <line nr="179" mi="0" ci="1" mb="0" cb="0" />
      <line nr="182" mi="0" ci="1" mb="0" cb="0" />
      <line nr="183" mi="0" ci="2" mb="0" cb="0" />
      <line nr="184" mi="0" ci="1" mb="0" cb="0" />
      <line nr="188" mi="0" ci="1" mb="0" cb="0" />
      <line nr="189" mi="0" ci="2" mb="0" cb="0" />
      <line nr="193" mi="0" ci="1" mb="0" cb="0" />
      <line nr="197" mi="0" ci="1" mb="0" cb="0" />
      <line nr="207" mi="0" ci="1" mb="0" cb="0" />
      <line nr="208" mi="1" ci="0" mb="0" cb="0" />
      <line nr="211" mi="0" ci="1" mb="0" cb="0" />
      <line nr="212" mi="0" ci="1" mb="0" cb="0" />
      <line nr="213" mi="1" ci="0" mb="0" cb="0" />
      <line nr="214" mi="0" ci="1" mb="0" cb="0" />
      <line nr="215" mi="0" ci="1" mb="0" cb="0" />
      <line nr="216" mi="1" ci="0" mb="0" cb="0" />
      <line nr="217" mi="1" ci="0" mb="0" cb="0" />
      <line nr="218" mi="0" ci="1" mb="0" cb="0" />
      <line nr="221" mi="0" ci="1" mb="0" cb="0" />
      <line nr="225" mi="0" ci="1" mb="0" cb="0" />
      <line nr="229" mi="0" ci="1" mb="0" cb="0" />
      <line nr="233" mi="0" ci="1" mb="0" cb="0" />
      <line nr="237" mi="0" ci="1" mb="0" cb="0" />
      <line nr="238" mi="0" ci="1" mb="0" cb="0" />
      <line nr="241" mi="0" ci="1" mb="0" cb="0" />
      <line nr="250" mi="0" ci="1" mb="0" cb="0" />
      <line nr="251" mi="1" ci="0" mb="0" cb="0" />
      <line nr="254" mi="0" ci="1" mb="0" cb="0" />
      <line nr="255" mi="0" ci="1" mb="0" cb="0" />
      <line nr="256" mi="0" ci="1" mb="0" cb="0" />
      <line nr="257" mi="0" ci="1" mb="0" cb="0" />
      <line nr="260" mi="0" ci="1" mb="0" cb="0" />
      <line nr="264" mi="0" ci="1" mb="0" cb="0" />
      <line nr="265" mi="0" ci="1" mb="0" cb="0" />
      <line nr="266" mi="0" ci="1" mb="0" cb="0" />
      <line nr="267" mi="0" ci="1" mb="0" cb="0" />
      <line nr="271" mi="0" ci="1" mb="0" cb="0" />
      <line nr="272" mi="0" ci="1" mb="0" cb="0" />
      <line nr="273" mi="0" ci="2" mb="0" cb="0" />
      <line nr="277" mi="0" ci="1" mb="0" cb="0" />
      <line nr="281" mi="0" ci="2" mb="0" cb="0" />
      <line nr="282" mi="0" ci="1" mb="0" cb="0" />
      <line nr="286" mi="1" ci="0" mb="0" cb="0" />
      <line nr="297" mi="0" ci="1" mb="0" cb="0" />
      <line nr="298" mi="1" ci="0" mb="0" cb="0" />
      <line nr="301" mi="0" ci="1" mb="0" cb="0" />
      <line nr="302" mi="0" ci="1" mb="0" cb="0" />
      <line nr="303" mi="0" ci="1" mb="0" cb="0" />
      <line nr="306" mi="0" ci="1" mb="0" cb="0" />
      <line nr="307" mi="0" ci="1" mb="0" cb="0" />
      <line nr="308" mi="1" ci="0" mb="0" cb="0" />
      <line nr="311" mi="0" ci="1" mb="0" cb="0" />
      <line nr="312" mi="1" ci="0" mb="0" cb="0" />
      <line nr="315" mi="0" ci="1" mb="0" cb="0" />
      <line nr="316" mi="0" ci="1" mb="0" cb="0" />
      <line nr="318" mi="0" ci="1" mb="0" cb="0" />
      <line nr="319" mi="0" ci="1" mb="0" cb="0" />
      <line nr="320" mi="0" ci="1" mb="0" cb="0" />
      <line nr="324" mi="0" ci="1" mb="0" cb="0" />
      <line nr="325" mi="0" ci="1" mb="0" cb="0" />
      <line nr="328" mi="0" ci="2" mb="0" cb="0" />
      <line nr="332" mi="0" ci="1" mb="0" cb="0" />
      <line nr="333" mi="0" ci="2" mb="0" cb="0" />
      <line nr="337" mi="0" ci="1" mb="0" cb="0" />
      <line nr="341" mi="0" ci="1" mb="0" cb="0" />
      <line nr="342" mi="0" ci="3" mb="0" cb="0" />
      <line nr="343" mi="0" ci="1" mb="0" cb="0" />
      <line nr="347" mi="0" ci="1" mb="0" cb="0" />
      <line nr="351" mi="0" ci="1" mb="0" cb="0" />
      <line nr="352" mi="0" ci="1" mb="0" cb="0" />
      <line nr="353" mi="0" ci="2" mb="0" cb="0" />
      <line nr="356" mi="0" ci="1" mb="0" cb="0" />
      <line nr="357" mi="0" ci="1" mb="0" cb="0" />
      <line nr="358" mi="1" ci="0" mb="0" cb="0" />
      <line nr="359" mi="1" ci="0" mb="0" cb="0" />
      <line nr="360" mi="0" ci="1" mb="0" cb="0" />
      <line nr="361" mi="1" ci="0" mb="0" cb="0" />
      <line nr="364" mi="2" ci="0" mb="0" cb="0" />
      <line nr="368" mi="0" ci="2" mb="0" cb="0" />
      <line nr="369" mi="0" ci="1" mb="0" cb="0" />
      <line nr="370" mi="0" ci="2" mb="0" cb="0" />
      <line nr="372" mi="0" ci="1" mb="0" cb="0" />
      <line nr="373" mi="0" ci="1" mb="0" cb="0" />
      <line nr="377" mi="0" ci="1" mb="0" cb="0" />
      <line nr="378" mi="0" ci="1" mb="0" cb="0" />
      <line nr="379" mi="1" ci="0" mb="0" cb="0" />
      <line nr="380" mi="0" ci="1" mb="0" cb="0" />
      <line nr="381" mi="0" ci="1" mb="0" cb="0" />
      <line nr="384" mi="0" ci="1" mb="0" cb="0" />
      <line nr="385" mi="0" ci="1" mb="0" cb="0" />
      <line nr="389" mi="0" ci="1" mb="0" cb="0" />
      <line nr="393" mi="0" ci="1" mb="0" cb="0" />
      <line nr="394" mi="0" ci="1" mb="0" cb="0" />
      <line nr="395" mi="0" ci="1" mb="0" cb="0" />
      <line nr="396" mi="0" ci="3" mb="0" cb="0" />
      <line nr="398" mi="0" ci="1" mb="0" cb="0" />
      <line nr="399" mi="0" ci="1" mb="0" cb="0" />
      <line nr="400" mi="0" ci="2" mb="0" cb="0" />
      <line nr="403" mi="0" ci="1" mb="0" cb="0" />
      <line nr="407" mi="1" ci="0" mb="0" cb="0" />
      <line nr="418" mi="0" ci="1" mb="0" cb="0" />
      <line nr="422" mi="0" ci="1" mb="0" cb="0" />
      <line nr="426" mi="0" ci="1" mb="0" cb="0" />
      <line nr="427" mi="1" ci="0" mb="0" cb="0" />
      <line nr="430" mi="0" ci="1" mb="0" cb="0" />
      <line nr="431" mi="1" ci="0" mb="0" cb="0" />
      <line nr="434" mi="0" ci="1" mb="0" cb="0" />
      <line nr="435" mi="0" ci="1" mb="0" cb="0" />
      <line nr="438" mi="0" ci="1" mb="0" cb="0" />
      <line nr="439" mi="0" ci="1" mb="0" cb="0" />
      <line nr="440" mi="0" ci="1" mb="0" cb="0" />
      <line nr="459" mi="1" ci="1" mb="0" cb="0" />
      <line nr="460" mi="1" ci="1" mb="0" cb="0" />
      <line nr="461" mi="1" ci="1" mb="0" cb="0" />
      <line nr="462" mi="1" ci="1" mb="0" cb="0" />
      <line nr="463" mi="0" ci="1" mb="0" cb="0" />
      <line nr="464" mi="1" ci="0" mb="0" cb="0" />
      <line nr="467" mi="0" ci="1" mb="0" cb="0" />
      <line nr="468" mi="0" ci="1" mb="0" cb="0" />
      <line nr="469" mi="0" ci="1" mb="0" cb="0" />
      <line nr="470" mi="0" ci="1" mb="0" cb="0" />
      <line nr="471" mi="0" ci="1" mb="0" cb="0" />
      <line nr="475" mi="0" ci="1" mb="0" cb="0" />
      <line nr="476" mi="1" ci="0" mb="0" cb="0" />
      <line nr="479" mi="0" ci="1" mb="0" cb="0" />
      <line nr="480" mi="1" ci="0" mb="0" cb="0" />
      <line nr="483" mi="0" ci="1" mb="0" cb="0" />
      <line nr="484" mi="0" ci="1" mb="0" cb="0" />
      <line nr="486" mi="0" ci="1" mb="0" cb="0" />
      <line nr="487" mi="0" ci="2" mb="0" cb="0" />
      <line nr="488" mi="0" ci="2" mb="0" cb="0" />
      <line nr="489" mi="0" ci="1" mb="0" cb="0" />
      <line nr="491" mi="0" ci="1" mb="0" cb="0" />
      <line nr="492" mi="0" ci="1" mb="0" cb="0" />
      <line nr="495" mi="0" ci="2" mb="0" cb="0" />
      <line nr="496" mi="0" ci="2" mb="0" cb="0" />
      <line nr="498" mi="0" ci="1" mb="0" cb="0" />
      <line nr="499" mi="0" ci="1" mb="0" cb="0" />
      <line nr="502" mi="0" ci="1" mb="0" cb="0" />
      <line nr="541" mi="1" ci="1" mb="0" cb="0" />
      <line nr="542" mi="1" ci="1" mb="0" cb="0" />
      <line nr="543" mi="1" ci="1" mb="0" cb="0" />
      <line nr="544" mi="1" ci="1" mb="0" cb="0" />
      <line nr="545" mi="1" ci="1" mb="0" cb="0" />
      <line nr="546" mi="1" ci="1" mb="0" cb="0" />
      <line nr="547" mi="1" ci="1" mb="0" cb="0" />
      <line nr="548" mi="1" ci="1" mb="0" cb="0" />
      <line nr="549" mi="1" ci="1" mb="0" cb="0" />
      <line nr="551" mi="0" ci="1" mb="0" cb="0" />
      <line nr="552" mi="0" ci="1" mb="0" cb="0" />
      <line nr="553" mi="0" ci="1" mb="0" cb="0" />
      <line nr="554" mi="0" ci="1" mb="0" cb="0" />
      <line nr="555" mi="0" ci="1" mb="0" cb="0" />
      <line nr="556" mi="0" ci="1" mb="0" cb="0" />
      <line nr="557" mi="0" ci="1" mb="0" cb="0" />
      <line nr="558" mi="0" ci="1" mb="0" cb="0" />
      <line nr="559" mi="0" ci="1" mb="0" cb="0" />
      <line nr="560" mi="0" ci="1" mb="0" cb="0" />
      <line nr="561" mi="0" ci="1" mb="0" cb="0" />
      <line nr="562" mi="0" ci="1" mb="0" cb="0" />
      <line nr="566" mi="0" ci="1" mb="0" cb="0" />
      <line nr="567" mi="1" ci="0" mb="0" cb="0" />
      <line nr="570" mi="0" ci="1" mb="0" cb="0" />
      <line nr="574" mi="0" ci="1" mb="0" cb="0" />
      <line nr="595" mi="1" ci="1" mb="0" cb="0" />
      <line nr="596" mi="1" ci="1" mb="0" cb="0" />
      <line nr="597" mi="1" ci="1" mb="0" cb="0" />
      <line nr="598" mi="1" ci="1" mb="0" cb="0" />
      <line nr="600" mi="0" ci="1" mb="0" cb="0" />
      <line nr="601" mi="0" ci="1" mb="0" cb="0" />
      <line nr="602" mi="0" ci="1" mb="0" cb="0" />
      <line nr="603" mi="0" ci="1" mb="0" cb="0" />
      <line nr="604" mi="0" ci="1" mb="0" cb="0" />
      <line nr="605" mi="0" ci="1" mb="0" cb="0" />
      <line nr="609" mi="0" ci="1" mb="0" cb="0" />
      <line nr="613" mi="0" ci="1" mb="0" cb="0" />
      <line nr="614" mi="0" ci="1" mb="0" cb="0" />
      <line nr="617" mi="0" ci="1" mb="0" cb="0" />
      <line nr="618" mi="0" ci="1" mb="0" cb="0" />
      <line nr="621" mi="0" ci="1" mb="0" cb="0" />
      <line nr="646" mi="1" ci="1" mb="0" cb="0" />
      <line nr="647" mi="1" ci="1" mb="0" cb="0" />
      <line nr="648" mi="1" ci="1" mb="0" cb="0" />
      <line nr="649" mi="1" ci="1" mb="0" cb="0" />
      <line nr="650" mi="1" ci="1" mb="0" cb="0" />
      <line nr="652" mi="0" ci="1" mb="0" cb="0" />
      <line nr="653" mi="0" ci="1" mb="0" cb="0" />
      <line nr="654" mi="0" ci="1" mb="0" cb="0" />
      <line nr="655" mi="0" ci="1" mb="0" cb="0" />
      <line nr="656" mi="0" ci="1" mb="0" cb="0" />
      <line nr="657" mi="0" ci="1" mb="0" cb="0" />
      <line nr="658" mi="0" ci="1" mb="0" cb="0" />
      <line nr="659" mi="0" ci="1" mb="0" cb="0" />
      <line nr="663" mi="0" ci="1" mb="0" cb="0" />
      <line nr="664" mi="1" ci="0" mb="0" cb="0" />
      <line nr="667" mi="0" ci="1" mb="0" cb="0" />
      <line nr="668" mi="0" ci="1" mb="0" cb="0" />
      <line nr="669" mi="0" ci="1" mb="0" cb="0" />
      <line nr="670" mi="0" ci="1" mb="0" cb="0" />
      <line nr="671" mi="1" ci="0" mb="0" cb="0" />
      <line nr="672" mi="0" ci="2" mb="0" cb="0" />
      <line nr="675" mi="0" ci="1" mb="0" cb="0" />
      <line nr="676" mi="0" ci="1" mb="0" cb="0" />
      <line nr="677" mi="0" ci="1" mb="0" cb="0" />
      <line nr="678" mi="0" ci="1" mb="0" cb="0" />
      <line nr="680" mi="0" ci="1" mb="0" cb="0" />
      <line nr="681" mi="0" ci="1" mb="0" cb="0" />
      <line nr="683" mi="0" ci="1" mb="0" cb="0" />
      <line nr="684" mi="0" ci="1" mb="0" cb="0" />
      <line nr="685" mi="0" ci="1" mb="0" cb="0" />
      <line nr="686" mi="0" ci="1" mb="0" cb="0" />
      <line nr="687" mi="0" ci="1" mb="0" cb="0" />
      <line nr="692" mi="0" ci="1" mb="0" cb="0" />
      <line nr="693" mi="0" ci="1" mb="0" cb="0" />
      <line nr="694" mi="0" ci="1" mb="0" cb="0" />
      <line nr="697" mi="0" ci="1" mb="0" cb="0" />
      <line nr="698" mi="0" ci="1" mb="0" cb="0" />
      <line nr="699" mi="0" ci="1" mb="0" cb="0" />
      <line nr="705" mi="0" ci="1" mb="0" cb="0" />
      <line nr="732" mi="0" ci="1" mb="0" cb="0" />
      <line nr="733" mi="0" ci="1" mb="0" cb="0" />
      <line nr="734" mi="0" ci="1" mb="0" cb="0" />
      <line nr="735" mi="0" ci="1" mb="0" cb="0" />
      <line nr="736" mi="0" ci="1" mb="0" cb="0" />
      <line nr="737" mi="0" ci="1" mb="0" cb="0" />
      <line nr="738" mi="0" ci="1" mb="0" cb="0" />
      <line nr="739" mi="0" ci="1" mb="0" cb="0" />
      <line nr="743" mi="0" ci="1" mb="0" cb="0" />
      <line nr="744" mi="0" ci="2" mb="0" cb="0" />
      <line nr="756" mi="1" ci="1" mb="0" cb="0" />
      <line nr="757" mi="1" ci="1" mb="0" cb="0" />
      <line nr="758" mi="1" ci="1" mb="0" cb="0" />
      <line nr="760" mi="0" ci="1" mb="0" cb="0" />
      <line nr="761" mi="0" ci="1" mb="0" cb="0" />
      <line nr="762" mi="0" ci="1" mb="0" cb="0" />
      <line nr="766" mi="0" ci="1" mb="0" cb="0" />
      <line nr="768" mi="0" ci="1" mb="0" cb="0" />
      <line nr="769" mi="0" ci="1" mb="0" cb="0" />
      <line nr="772" mi="0" ci="1" mb="0" cb="0" />
      <line nr="773" mi="0" ci="1" mb="0" cb="0" />
      <line nr="785" mi="1" ci="0" mb="0" cb="0" />
      <line nr="786" mi="1" ci="0" mb="0" cb="0" />
      <line nr="789" mi="1" ci="0" mb="0" cb="0" />
      <line nr="790" mi="1" ci="0" mb="0" cb="0" />
      <line nr="793" mi="1" ci="0" mb="0" cb="0" />
      <line nr="794" mi="1" ci="0" mb="0" cb="0" />
      <line nr="804" mi="0" ci="1" mb="0" cb="0" />
      <line nr="805" mi="1" ci="0" mb="0" cb="0" />
      <line nr="808" mi="0" ci="1" mb="0" cb="0" />
      <line nr="809" mi="0" ci="1" mb="0" cb="0" />
      <line nr="811" mi="0" ci="1" mb="0" cb="0" />
      <line nr="812" mi="0" ci="1" mb="0" cb="0" />
      <line nr="813" mi="0" ci="1" mb="0" cb="0" />
      <line nr="814" mi="0" ci="1" mb="0" cb="0" />
      <line nr="816" mi="0" ci="1" mb="0" cb="0" />
      <line nr="817" mi="0" ci="1" mb="0" cb="0" />
      <line nr="818" mi="0" ci="1" mb="0" cb="0" />
      <line nr="819" mi="0" ci="1" mb="0" cb="0" />
      <line nr="820" mi="0" ci="1" mb="0" cb="0" />
      <line nr="827" mi="0" ci="1" mb="0" cb="0" />
      <line nr="828" mi="1" ci="0" mb="0" cb="0" />
      <line nr="831" mi="0" ci="1" mb="0" cb="0" />
      <line nr="832" mi="0" ci="1" mb="0" cb="0" />
      <line nr="835" mi="0" ci="1" mb="0" cb="0" />
      <line nr="839" mi="0" ci="1" mb="0" cb="0" />
      <line nr="840" mi="0" ci="6" mb="0" cb="0" />
      <line nr="849" mi="0" ci="1" mb="0" cb="0" />
      <line nr="850" mi="1" ci="0" mb="0" cb="0" />
      <line nr="853" mi="0" ci="1" mb="0" cb="0" />
      <line nr="855" mi="0" ci="2" mb="0" cb="0" />
      <line nr="856" mi="2" ci="0" mb="0" cb="0" />
      <line nr="861" mi="0" ci="1" mb="0" cb="0" />
      <line nr="862" mi="1" ci="0" mb="0" cb="0" />
      <line nr="865" mi="0" ci="2" mb="0" cb="0" />
      <line nr="866" mi="0" ci="1" mb="0" cb="0" />
      <line nr="868" mi="0" ci="1" mb="0" cb="0" />
      <line nr="870" mi="0" ci="1" mb="0" cb="0" />
      <line nr="873" mi="1" ci="0" mb="0" cb="0" />
      <line nr="874" mi="1" ci="0" mb="0" cb="0" />
      <line nr="879" mi="0" ci="1" mb="0" cb="0" />
      <line nr="880" mi="0" ci="1" mb="0" cb="0" />
      <line nr="881" mi="0" ci="1" mb="0" cb="0" />
      <line nr="884" mi="0" ci="1" mb="0" cb="0" />
      <line nr="885" mi="0" ci="1" mb="0" cb="0" />
      <line nr="889" mi="2" ci="0" mb="0" cb="0" />
      <line nr="890" mi="2" ci="0" mb="0" cb="0" />
      <line nr="892" mi="1" ci="0" mb="0" cb="0" />
      <line nr="893" mi="1" ci="0" mb="0" cb="0" />
      <line nr="894" mi="1" ci="0" mb="0" cb="0" />
      <line nr="897" mi="2" ci="0" mb="0" cb="0" />
      <line nr="899" mi="1" ci="0" mb="0" cb="0" />
      <line nr="909" mi="0" ci="1" mb="0" cb="0" />
      <line nr="910" mi="1" ci="0" mb="0" cb="0" />
      <line nr="913" mi="0" ci="1" mb="0" cb="0" />
      <line nr="914" mi="0" ci="1" mb="0" cb="0" />
      <line nr="918" mi="1" ci="0" mb="0" cb="0" />
      <line nr="919" mi="2" ci="0" mb="0" cb="0" />
      <line nr="920" mi="1" ci="0" mb="0" cb="0" />
      <line nr="921" mi="1" ci="0" mb="0" cb="0" />
      <line nr="926" mi="1" ci="0" mb="0" cb="0" />
      <line nr="927" mi="1" ci="0" mb="0" cb="0" />
      <line nr="930" mi="1" ci="0" mb="0" cb="0" />
      <line nr="931" mi="1" ci="0" mb="0" cb="0" />
      <line nr="932" mi="1" ci="0" mb="0" cb="0" />
      <line nr="933" mi="1" ci="0" mb="0" cb="0" />
      <line nr="935" mi="2" ci="0" mb="0" cb="0" />
      <line nr="936" mi="1" ci="0" mb="0" cb="0" />
      <line nr="937" mi="1" ci="0" mb="0" cb="0" />
      <line nr="938" mi="1" ci="0" mb="0" cb="0" />
      <line nr="943" mi="1" ci="0" mb="0" cb="0" />
      <line nr="947" mi="2" ci="0" mb="0" cb="0" />
      <line nr="951" mi="1" ci="0" mb="0" cb="0" />
      <line nr="952" mi="1" ci="0" mb="0" cb="0" />
      <line nr="953" mi="1" ci="0" mb="0" cb="0" />
      <line nr="955" mi="1" ci="0" mb="0" cb="0" />
      <line nr="956" mi="1" ci="0" mb="0" cb="0" />
      <line nr="957" mi="1" ci="0" mb="0" cb="0" />
      <line nr="960" mi="1" ci="0" mb="0" cb="0" />
      <line nr="964" mi="1" ci="0" mb="0" cb="0" />
      <line nr="965" mi="1" ci="0" mb="0" cb="0" />
      <line nr="967" mi="1" ci="0" mb="0" cb="0" />
      <line nr="968" mi="1" ci="0" mb="0" cb="0" />
      <line nr="969" mi="2" ci="0" mb="0" cb="0" />
      <line nr="970" mi="1" ci="0" mb="0" cb="0" />
      <line nr="973" mi="1" ci="0" mb="0" cb="0" />
      <line nr="977" mi="1" ci="0" mb="0" cb="0" />
      <line nr="978" mi="1" ci="0" mb="0" cb="0" />
      <line nr="982" mi="1" ci="0" mb="0" cb="0" />
      <line nr="983" mi="1" ci="0" mb="0" cb="0" />
      <line nr="987" mi="1" ci="0" mb="0" cb="0" />
      <line nr="988" mi="1" ci="0" mb="0" cb="0" />
      <line nr="989" mi="1" ci="0" mb="0" cb="0" />
      <line nr="992" mi="1" ci="0" mb="0" cb="0" />
      <line nr="993" mi="1" ci="0" mb="0" cb="0" />
      <line nr="995" mi="1" ci="0" mb="0" cb="0" />
      <line nr="996" mi="1" ci="0" mb="0" cb="0" />
      <line nr="997" mi="1" ci="0" mb="0" cb="0" />
      <line nr="999" mi="1" ci="0" mb="0" cb="0" />
      <line nr="1008" mi="2" ci="0" mb="0" cb="0" />
      <line nr="1015" mi="1" ci="0" mb="0" cb="0" />
      <line nr="1019" mi="3" ci="0" mb="0" cb="0" />
      <line nr="1020" mi="1" ci="0" mb="0" cb="0" />
      <line nr="1021" mi="1" ci="0" mb="0" cb="0" />
      <line nr="1022" mi="1" ci="0" mb="0" cb="0" />
      <line nr="1025" mi="1" ci="0" mb="0" cb="0" />
      <line nr="1026" mi="5" ci="0" mb="0" cb="0" />
      <line nr="1027" mi="1" ci="0" mb="0" cb="0" />
      <line nr="1031" mi="2" ci="0" mb="0" cb="0" />
      <line nr="1032" mi="1" ci="0" mb="0" cb="0" />
      <line nr="1033" mi="1" ci="0" mb="0" cb="0" />
      <line nr="1035" mi="1" ci="0" mb="0" cb="0" />
      <line nr="1036" mi="2" ci="0" mb="0" cb="0" />
      <line nr="1037" mi="1" ci="0" mb="0" cb="0" />
      <line nr="1038" mi="1" ci="0" mb="0" cb="0" />
      <line nr="1042" mi="1" ci="0" mb="0" cb="0" />
      <line nr="1043" mi="1" ci="0" mb="0" cb="0" />
      <line nr="1047" mi="1" ci="0" mb="0" cb="0" />
      <line nr="1051" mi="1" ci="0" mb="0" cb="0" />
      <line nr="1061" mi="1" ci="0" mb="0" cb="0" />
      <line nr="1065" mi="1" ci="0" mb="0" cb="0" />
      <line nr="1066" mi="1" ci="0" mb="0" cb="0" />
      <line nr="1067" mi="1" ci="0" mb="0" cb="0" />
      <line nr="1068" mi="1" ci="0" mb="0" cb="0" />
      <line nr="1070" mi="1" ci="0" mb="0" cb="0" />
      <line nr="1072" mi="2" ci="0" mb="0" cb="0" />
      <line nr="1076" mi="1" ci="0" mb="0" cb="0" />
      <line nr="1077" mi="3" ci="0" mb="0" cb="0" />
      <line nr="1078" mi="2" ci="0" mb="0" cb="0" />
      <line nr="1082" mi="1" ci="0" mb="0" cb="0" />
      <line nr="1083" mi="3" ci="0" mb="0" cb="0" />
      <line nr="1084" mi="2" ci="0" mb="0" cb="0" />
      <line nr="1088" mi="1" ci="0" mb="0" cb="0" />
      <line nr="1089" mi="1" ci="0" mb="0" cb="0" />
      <line nr="1090" mi="1" ci="0" mb="0" cb="0" />
      <line nr="1093" mi="1" ci="0" mb="0" cb="0" />
      <line nr="1094" mi="1" ci="0" mb="0" cb="0" />
      <line nr="1095" mi="1" ci="0" mb="0" cb="0" />
      <line nr="1096" mi="1" ci="0" mb="0" cb="0" />
      <line nr="1097" mi="1" ci="0" mb="0" cb="0" />
      <line nr="1098" mi="1" ci="0" mb="0" cb="0" />
      <line nr="1099" mi="1" ci="0" mb="0" cb="0" />
      <line nr="1101" mi="2" ci="0" mb="0" cb="0" />
      <line nr="1105" mi="0" ci="1" mb="0" cb="0" />
      <line nr="1109" mi="0" ci="1" mb="0" cb="0" />
      <line nr="1119" mi="0" ci="1" mb="0" cb="0" />
      <line nr="1120" mi="1" ci="0" mb="0" cb="0" />
      <line nr="1123" mi="0" ci="1" mb="0" cb="0" />
      <line nr="1124" mi="0" ci="1" mb="0" cb="0" />
      <line nr="1128" mi="1" ci="0" mb="0" cb="0" />
      <line nr="1129" mi="2" ci="0" mb="0" cb="0" />
      <line nr="1130" mi="1" ci="0" mb="0" cb="0" />
      <line nr="1135" mi="0" ci="1" mb="0" cb="0" />
      <line nr="1136" mi="1" ci="0" mb="0" cb="0" />
      <line nr="1139" mi="0" ci="1" mb="0" cb="0" />
      <line nr="1140" mi="0" ci="1" mb="0" cb="0" />
      <line nr="1141" mi="0" ci="1" mb="0" cb="0" />
      <line nr="1144" mi="1" ci="0" mb="0" cb="0" />
      <line nr="1148" mi="1" ci="0" mb="0" cb="0" />
      <line nr="1149" mi="1" ci="0" mb="0" cb="0" />
      <line nr="1150" mi="1" ci="0" mb="0" cb="0" />
      <line nr="1154" mi="1" ci="0" mb="0" cb="0" />
      <line nr="1155" mi="1" ci="0" mb="0" cb="0" />
      <line nr="1156" mi="4" ci="0" mb="0" cb="0" />
      <line nr="1158" mi="1" ci="0" mb="0" cb="0" />
      <line nr="1159" mi="1" ci="0" mb="0" cb="0" />
      <line nr="1162" mi="1" ci="0" mb="0" cb="0" />
      <line nr="1163" mi="1" ci="0" mb="0" cb="0" />
      <line nr="1164" mi="1" ci="0" mb="0" cb="0" />
      <line nr="1166" mi="1" ci="0" mb="0" cb="0" />
      <line nr="1168" mi="1" ci="0" mb="0" cb="0" />
      <line nr="1169" mi="2" ci="0" mb="0" cb="0" />
      <line nr="1173" mi="1" ci="0" mb="0" cb="0" />
      <line nr="1174" mi="1" ci="0" mb="0" cb="0" />
      <line nr="1176" mi="1" ci="0" mb="0" cb="0" />
      <line nr="1177" mi="1" ci="0" mb="0" cb="0" />
      <line nr="1181" mi="1" ci="0" mb="0" cb="0" />
      <line nr="1182" mi="1" ci="0" mb="0" cb="0" />
      <line nr="1187" mi="1" ci="0" mb="0" cb="0" />
      <line nr="1188" mi="1" ci="0" mb="0" cb="0" />
      <line nr="1189" mi="1" ci="0" mb="0" cb="0" />
      <line nr="1192" mi="1" ci="0" mb="0" cb="0" />
      <line nr="1193" mi="1" ci="0" mb="0" cb="0" />
      <line nr="1195" mi="1" ci="0" mb="0" cb="0" />
      <line nr="1197" mi="1" ci="0" mb="0" cb="0" />
      <line nr="1202" mi="1" ci="0" mb="0" cb="0" />
      <line nr="1203" mi="1" ci="0" mb="0" cb="0" />
      <line nr="1204" mi="2" ci="0" mb="0" cb="0" />
      <line nr="1205" mi="1" ci="0" mb="0" cb="0" />
      <line nr="1206" mi="1" ci="0" mb="0" cb="0" />
      <line nr="1207" mi="2" ci="0" mb="0" cb="0" />
      <line nr="1208" mi="2" ci="0" mb="0" cb="0" />
      <line nr="1209" mi="2" ci="0" mb="0" cb="0" />
      <line nr="1211" mi="1" ci="0" mb="0" cb="0" />
      <line nr="1213" mi="1" ci="0" mb="0" cb="0" />
      <line nr="1214" mi="1" ci="0" mb="0" cb="0" />
      <line nr="1216" mi="1" ci="0" mb="0" cb="0" />
      <line nr="1217" mi="1" ci="0" mb="0" cb="0" />
      <line nr="1218" mi="1" ci="0" mb="0" cb="0" />
      <line nr="1221" mi="1" ci="0" mb="0" cb="0" />
      <line nr="1222" mi="1" ci="0" mb="0" cb="0" />
      <line nr="1229" mi="2" ci="0" mb="0" cb="0" />
      <line nr="1233" mi="2" ci="0" mb="0" cb="0" />
      <line nr="1237" mi="1" ci="0" mb="0" cb="0" />
      <line nr="1238" mi="1" ci="0" mb="0" cb="0" />
      <line nr="1239" mi="1" ci="0" mb="0" cb="0" />
      <line nr="1240" mi="1" ci="0" mb="0" cb="0" />
      <line nr="1241" mi="1" ci="0" mb="0" cb="0" />
      <line nr="1242" mi="1" ci="0" mb="0" cb="0" />
      <line nr="1243" mi="1" ci="0" mb="0" cb="0" />
      <line nr="1244" mi="1" ci="0" mb="0" cb="0" />
      <line nr="1247" mi="1" ci="0" mb="0" cb="0" />
      <line nr="1251" mi="1" ci="0" mb="0" cb="0" />
      <line nr="1253" mi="2" ci="0" mb="0" cb="0" />
      <line nr="1259" mi="1" ci="0" mb="0" cb="0" />
      <line nr="1260" mi="2" ci="0" mb="0" cb="0" />
      <line nr="1261" mi="1" ci="0" mb="0" cb="0" />
      <line nr="1262" mi="3" ci="0" mb="0" cb="0" />
      <line nr="1268" mi="1" ci="0" mb="0" cb="0" />
      <line nr="1275" mi="1" ci="0" mb="0" cb="0" />
      <line nr="1276" mi="3" ci="0" mb="0" cb="0" />
      <line nr="1277" mi="1" ci="0" mb="0" cb="0" />
      <line nr="1279" mi="1" ci="0" mb="0" cb="0" />
      <line nr="1280" mi="1" ci="0" mb="0" cb="0" />
      <line nr="1281" mi="1" ci="0" mb="0" cb="0" />
      <line nr="1284" mi="1" ci="0" mb="0" cb="0" />
      <line nr="1285" mi="1" ci="0" mb="0" cb="0" />
      <line nr="1286" mi="1" ci="0" mb="0" cb="0" />
      <line nr="1287" mi="1" ci="0" mb="0" cb="0" />
      <line nr="1288" mi="2" ci="0" mb="0" cb="0" />
      <line nr="1289" mi="3" ci="0" mb="0" cb="0" />
      <line nr="1290" mi="1" ci="0" mb="0" cb="0" />
      <line nr="1296" mi="1" ci="0" mb="0" cb="0" />
      <line nr="1297" mi="1" ci="0" mb="0" cb="0" />
      <line nr="1300" mi="1" ci="0" mb="0" cb="0" />
      <line nr="1304" mi="1" ci="0" mb="0" cb="0" />
      <line nr="1305" mi="1" ci="0" mb="0" cb="0" />
      <line nr="1306" mi="1" ci="0" mb="0" cb="0" />
      <line nr="1307" mi="1" ci="0" mb="0" cb="0" />
      <line nr="1310" mi="1" ci="0" mb="0" cb="0" />
      <line nr="1313" mi="1" ci="0" mb="0" cb="0" />
      <line nr="1316" mi="2" ci="0" mb="0" cb="0" />
      <line nr="1317" mi="1" ci="0" mb="0" cb="0" />
      <line nr="1318" mi="1" ci="0" mb="0" cb="0" />
      <line nr="1322" mi="1" ci="0" mb="0" cb="0" />
      <line nr="1325" mi="1" ci="0" mb="0" cb="0" />
      <line nr="1329" mi="1" ci="0" mb="0" cb="0" />
      <line nr="1330" mi="3" ci="0" mb="0" cb="0" />
      <line nr="1333" mi="1" ci="0" mb="0" cb="0" />
      <line nr="1337" mi="2" ci="0" mb="0" cb="0" />
      <line nr="1338" mi="1" ci="0" mb="0" cb="0" />
      <line nr="1339" mi="1" ci="0" mb="0" cb="0" />
      <line nr="1340" mi="4" ci="0" mb="0" cb="0" />
      <line nr="1343" mi="1" ci="0" mb="0" cb="0" />
      <line nr="1344" mi="1" ci="0" mb="0" cb="0" />
      <line nr="1345" mi="1" ci="0" mb="0" cb="0" />
      <line nr="1346" mi="1" ci="0" mb="0" cb="0" />
      <line nr="1347" mi="1" ci="0" mb="0" cb="0" />
      <line nr="1348" mi="1" ci="0" mb="0" cb="0" />
      <line nr="1349" mi="1" ci="0" mb="0" cb="0" />
      <line nr="1352" mi="1" ci="0" mb="0" cb="0" />
      <line nr="1356" mi="1" ci="0" mb="0" cb="0" />
      <line nr="1358" mi="1" ci="0" mb="0" cb="0" />
      <line nr="1359" mi="2" ci="0" mb="0" cb="0" />
      <line nr="1361" mi="2" ci="0" mb="0" cb="0" />
      <line nr="1362" mi="1" ci="0" mb="0" cb="0" />
      <line nr="1365" mi="1" ci="0" mb="0" cb="0" />
      <line nr="1366" mi="1" ci="0" mb="0" cb="0" />
      <line nr="1367" mi="2" ci="0" mb="0" cb="0" />
      <line nr="1369" mi="2" ci="0" mb="0" cb="0" />
      <line nr="1370" mi="1" ci="0" mb="0" cb="0" />
      <line nr="1382" mi="1" ci="0" mb="0" cb="0" />
      <line nr="1383" mi="1" ci="0" mb="0" cb="0" />
      <line nr="1385" mi="1" ci="0" mb="0" cb="0" />
      <line nr="1386" mi="1" ci="0" mb="0" cb="0" />
      <line nr="1387" mi="1" ci="0" mb="0" cb="0" />
      <line nr="1390" mi="1" ci="0" mb="0" cb="0" />
      <line nr="1391" mi="1" ci="0" mb="0" cb="0" />
      <line nr="1392" mi="1" ci="0" mb="0" cb="0" />
      <line nr="1393" mi="1" ci="0" mb="0" cb="0" />
      <line nr="1401" mi="1" ci="0" mb="0" cb="0" />
      <line nr="1402" mi="1" ci="0" mb="0" cb="0" />
      <line nr="1403" mi="1" ci="0" mb="0" cb="0" />
      <line nr="1404" mi="1" ci="0" mb="0" cb="0" />
      <line nr="1405" mi="1" ci="0" mb="0" cb="0" />
      <line nr="1406" mi="1" ci="0" mb="0" cb="0" />
      <line nr="1407" mi="1" ci="0" mb="0" cb="0" />
      <line nr="1408" mi="1" ci="0" mb="0" cb="0" />
      <line nr="1409" mi="1" ci="0" mb="0" cb="0" />
      <line nr="1410" mi="1" ci="0" mb="0" cb="0" />
      <line nr="1411" mi="1" ci="0" mb="0" cb="0" />
      <line nr="1412" mi="1" ci="0" mb="0" cb="0" />
      <line nr="1415" mi="1" ci="0" mb="0" cb="0" />
      <line nr="1416" mi="1" ci="0" mb="0" cb="0" />
      <line nr="1419" mi="1" ci="0" mb="0" cb="0" />
      <line nr="1423" mi="1" ci="0" mb="0" cb="0" />
      <line nr="1425" mi="1" ci="0" mb="0" cb="0" />
      <line nr="1426" mi="1" ci="0" mb="0" cb="0" />
      <line nr="1429" mi="1" ci="0" mb="0" cb="0" />
      <line nr="1433" mi="1" ci="0" mb="0" cb="0" />
      <line nr="1437" mi="2" ci="0" mb="0" cb="0" />
      <line nr="1441" mi="1" ci="0" mb="0" cb="0" />
      <line nr="1442" mi="1" ci="0" mb="0" cb="0" />
      <line nr="1443" mi="1" ci="0" mb="0" cb="0" />
      <line nr="1444" mi="1" ci="0" mb="0" cb="0" />
      <line nr="1445" mi="1" ci="0" mb="0" cb="0" />
      <line nr="1446" mi="1" ci="0" mb="0" cb="0" />
      <line nr="1449" mi="1" ci="0" mb="0" cb="0" />
      <line nr="1452" mi="1" ci="0" mb="0" cb="0" />
      <line nr="1453" mi="1" ci="0" mb="0" cb="0" />
      <line nr="1456" mi="1" ci="0" mb="0" cb="0" />
      <line nr="1457" mi="1" ci="0" mb="0" cb="0" />
      <line nr="1458" mi="1" ci="0" mb="0" cb="0" />
      <line nr="1462" mi="1" ci="0" mb="0" cb="0" />
      <line nr="1466" mi="1" ci="0" mb="0" cb="0" />
      <line nr="1467" mi="1" ci="0" mb="0" cb="0" />
      <line nr="1469" mi="1" ci="0" mb="0" cb="0" />
      <line nr="1470" mi="1" ci="0" mb="0" cb="0" />
      <line nr="1477" mi="1" ci="0" mb="0" cb="0" />
      <line nr="1481" mi="1" ci="0" mb="0" cb="0" />
      <line nr="1482" mi="1" ci="0" mb="0" cb="0" />
      <line nr="1492" mi="1" ci="0" mb="0" cb="0" />
      <line nr="1493" mi="1" ci="0" mb="0" cb="0" />
      <line nr="1495" mi="2" ci="0" mb="0" cb="0" />
      <line nr="1496" mi="1" ci="0" mb="0" cb="0" />
      <line nr="1497" mi="1" ci="0" mb="0" cb="0" />
      <line nr="1502" mi="1" ci="0" mb="0" cb="0" />
      <line nr="1506" mi="1" ci="0" mb="0" cb="0" />
      <line nr="1511" mi="1" ci="0" mb="0" cb="0" />
      <line nr="1517" mi="2" ci="0" mb="0" cb="0" />
      <line nr="1523" mi="1" ci="0" mb="0" cb="0" />
      <line nr="1527" mi="2" ci="0" mb="0" cb="0" />
      <line nr="1531" mi="1" ci="0" mb="0" cb="0" />
      <line nr="1540" mi="0" ci="1" mb="0" cb="0" />
      <line nr="1541" mi="1" ci="0" mb="0" cb="0" />
      <line nr="1544" mi="0" ci="1" mb="0" cb="0" />
      <line nr="1548" mi="1" ci="0" mb="0" cb="0" />
      <line nr="1552" mi="2" ci="0" mb="0" cb="0" />
      <line nr="1553" mi="1" ci="0" mb="0" cb="0" />
      <line nr="1562" mi="0" ci="1" mb="0" cb="0" />
      <line nr="1563" mi="1" ci="0" mb="0" cb="0" />
      <line nr="1566" mi="0" ci="1" mb="0" cb="0" />
      <line nr="1568" mi="0" ci="2" mb="0" cb="0" />
      <line nr="1569" mi="0" ci="2" mb="0" cb="0" />
      <line nr="1574" mi="0" ci="1" mb="0" cb="0" />
      <line nr="1575" mi="1" ci="0" mb="0" cb="0" />
      <line nr="1578" mi="0" ci="1" mb="0" cb="0" />
      <line nr="1579" mi="0" ci="1" mb="0" cb="0" />
      <line nr="1580" mi="0" ci="1" mb="0" cb="0" />
      <line nr="1584" mi="0" ci="1" mb="0" cb="0" />
      <line nr="1585" mi="0" ci="1" mb="0" cb="0" />
      <line nr="1586" mi="0" ci="2" mb="0" cb="0" />
      <line nr="1590" mi="0" ci="4" mb="0" cb="0" />
      <line nr="1591" mi="0" ci="1" mb="0" cb="0" />
      <line nr="1600" mi="0" ci="1" mb="0" cb="0" />
      <line nr="1604" mi="6" ci="0" mb="0" cb="0" />
      <line nr="1608" mi="1" ci="0" mb="0" cb="0" />
      <line nr="1612" mi="1" ci="0" mb="0" cb="0" />
      <line nr="1616" mi="1" ci="0" mb="0" cb="0" />
      <line nr="1620" mi="1" ci="0" mb="0" cb="0" />
      <line nr="1624" mi="1" ci="0" mb="0" cb="0" />
      <line nr="1639" mi="0" ci="1" mb="0" cb="0" />
      <line nr="1640" mi="0" ci="1" mb="0" cb="0" />
      <line nr="1641" mi="0" ci="1" mb="0" cb="0" />
      <line nr="1646" mi="0" ci="1" mb="0" cb="0" />
      <line nr="1647" mi="0" ci="1" mb="0" cb="0" />
      <line nr="1648" mi="0" ci="1" mb="0" cb="0" />
      <line nr="1650" mi="0" ci="1" mb="0" cb="0" />
      <line nr="1651" mi="0" ci="1" mb="0" cb="0" />
      <line nr="1652" mi="0" ci="1" mb="0" cb="0" />
      <line nr="1653" mi="0" ci="1" mb="0" cb="0" />
      <line nr="1654" mi="0" ci="1" mb="0" cb="0" />
      <line nr="1657" mi="0" ci="1" mb="0" cb="0" />
      <line nr="1659" mi="0" ci="1" mb="0" cb="0" />
      <line nr="1660" mi="3" ci="0" mb="0" cb="0" />
      <line nr="1661" mi="1" ci="0" mb="0" cb="0" />
      <line nr="1664" mi="0" ci="1" mb="0" cb="0" />
      <line nr="1665" mi="0" ci="1" mb="0" cb="0" />
      <line nr="1667" mi="0" ci="1" mb="0" cb="0" />
      <line nr="1668" mi="1" ci="0" mb="0" cb="0" />
      <line nr="1669" mi="1" ci="0" mb="0" cb="0" />
      <line nr="1670" mi="1" ci="0" mb="0" cb="0" />
      <line nr="1671" mi="1" ci="0" mb="0" cb="0" />
      <line nr="1674" mi="0" ci="1" mb="0" cb="0" />
      <line nr="1675" mi="0" ci="1" mb="0" cb="0" />
      <line nr="1677" mi="0" ci="1" mb="0" cb="0" />
      <line nr="1678" mi="1" ci="0" mb="0" cb="0" />
      <line nr="1679" mi="1" ci="0" mb="0" cb="0" />
      <line nr="1680" mi="1" ci="0" mb="0" cb="0" />
      <line nr="1681" mi="1" ci="0" mb="0" cb="0" />
      <line nr="1684" mi="0" ci="1" mb="0" cb="0" />
      <line nr="1685" mi="0" ci="1" mb="0" cb="0" />
      <line nr="1688" mi="0" ci="1" mb="0" cb="0" />
      <line nr="1689" mi="0" ci="1" mb="0" cb="0" />
      <line nr="1698" mi="0" ci="1" mb="0" cb="0" />
      <line nr="1702" mi="0" ci="1" mb="0" cb="0" />
      <line nr="1703" mi="1" ci="0" mb="0" cb="0" />
      <line nr="1706" mi="0" ci="1" mb="0" cb="0" />
      <line nr="1707" mi="1" ci="0" mb="0" cb="0" />
      <line nr="1710" mi="0" ci="1" mb="0" cb="0" />
      <line nr="1720" mi="0" ci="1" mb="0" cb="0" />
      <line nr="1721" mi="0" ci="1" mb="0" cb="0" />
      <line nr="1726" mi="1" ci="0" mb="0" cb="0" />
      <line nr="1727" mi="1" ci="0" mb="0" cb="0" />
      <line nr="1729" mi="1" ci="0" mb="0" cb="0" />
      <line nr="1730" mi="2" ci="0" mb="0" cb="0" />
      <line nr="1733" mi="1" ci="0" mb="0" cb="0" />
      <line nr="1738" mi="1" ci="0" mb="0" cb="0" />
      <line nr="1740" mi="1" ci="0" mb="0" cb="0" />
      <line nr="1752" mi="1" ci="0" mb="0" cb="0" />
      <line nr="1753" mi="2" ci="0" mb="0" cb="0" />
      <line nr="1756" mi="1" ci="0" mb="0" cb="0" />
      <line nr="1758" mi="1" ci="0" mb="0" cb="0" />
      <line nr="1770" mi="1" ci="0" mb="0" cb="0" />
      <line nr="1772" mi="1" ci="0" mb="0" cb="0" />
      <line nr="1784" mi="0" ci="1" mb="0" cb="0" />
      <line nr="1785" mi="1" ci="0" mb="0" cb="0" />
      <line nr="1788" mi="0" ci="1" mb="0" cb="0" />
      <line nr="1792" mi="0" ci="1" mb="0" cb="0" />
      <line nr="1794" mi="0" ci="2" mb="0" cb="0" />
      <line nr="1795" mi="0" ci="1" mb="0" cb="0" />
      <line nr="1796" mi="0" ci="1" mb="0" cb="0" />
      <line nr="1797" mi="0" ci="1" mb="0" cb="0" />
      <line nr="1800" mi="0" ci="2" mb="0" cb="0" />
      <line nr="1803" mi="0" ci="1" mb="0" cb="0" />
      <line nr="1807" mi="0" ci="1" mb="0" cb="0" />
      <line nr="1808" mi="0" ci="1" mb="0" cb="0" />
      <line nr="1809" mi="0" ci="2" mb="0" cb="0" />
      <line nr="1812" mi="0" ci="2" mb="0" cb="0" />
      <line nr="1813" mi="0" ci="1" mb="0" cb="0" />
      <line nr="1814" mi="0" ci="2" mb="0" cb="0" />
      <line nr="1817" mi="0" ci="1" mb="0" cb="0" />
      <line nr="1825" mi="0" ci="1" mb="0" cb="0" />
      <line nr="1826" mi="0" ci="2" mb="0" cb="0" />
      <line nr="1827" mi="0" ci="1" mb="0" cb="0" />
      <line nr="1830" mi="0" ci="1" mb="0" cb="0" />
      <line nr="1831" mi="0" ci="2" mb="0" cb="0" />
      <line nr="1833" mi="0" ci="1" mb="0" cb="0" />
      <line nr="1839" mi="0" ci="1" mb="0" cb="0" />
      <line nr="1840" mi="1" ci="0" mb="0" cb="0" />
      <line nr="1843" mi="0" ci="1" mb="0" cb="0" />
      <line nr="1844" mi="0" ci="1" mb="0" cb="0" />
      <line nr="1846" mi="0" ci="3" mb="0" cb="0" />
      <line nr="1847" mi="0" ci="2" mb="0" cb="0" />
      <line nr="1850" mi="0" ci="1" mb="0" cb="0" />
      <line nr="1853" mi="0" ci="1" mb="0" cb="0" />
      <line nr="1865" mi="0" ci="1" mb="0" cb="0" />
      <line nr="1866" mi="1" ci="0" mb="0" cb="0" />
      <line nr="1869" mi="0" ci="1" mb="0" cb="0" />
      <line nr="1870" mi="1" ci="0" mb="0" cb="0" />
      <line nr="1873" mi="0" ci="1" mb="0" cb="0" />
      <line nr="1874" mi="0" ci="1" mb="0" cb="0" />
      <line nr="1878" mi="0" ci="1" mb="0" cb="0" />
      <line nr="1880" mi="0" ci="2" mb="0" cb="0" />
      <line nr="1881" mi="0" ci="2" mb="0" cb="0" />
      <line nr="1882" mi="0" ci="2" mb="0" cb="0" />
      <line nr="1886" mi="0" ci="1" mb="0" cb="0" />
      <line nr="1890" mi="0" ci="1" mb="0" cb="0" />
      <line nr="1892" mi="0" ci="1" mb="0" cb="0" />
      <line nr="1896" mi="0" ci="1" mb="0" cb="0" />
      <line nr="1897" mi="0" ci="1" mb="0" cb="0" />
      <line nr="1901" mi="0" ci="1" mb="0" cb="0" />
      <line nr="1928" mi="0" ci="1" mb="0" cb="0" />
      <line nr="1929" mi="0" ci="1" mb="0" cb="0" />
      <line nr="1930" mi="0" ci="1" mb="0" cb="0" />
      <line nr="1931" mi="0" ci="1" mb="0" cb="0" />
      <line nr="1932" mi="0" ci="1" mb="0" cb="0" />
      <line nr="1933" mi="0" ci="1" mb="0" cb="0" />
      <line nr="1934" mi="0" ci="1" mb="0" cb="0" />
      <line nr="1935" mi="0" ci="1" mb="0" cb="0" />
      <line nr="1936" mi="0" ci="1" mb="0" cb="0" />
      <line nr="1941" mi="0" ci="1" mb="0" cb="0" />
      <line nr="1942" mi="0" ci="1" mb="0" cb="0" />
      <line nr="1947" mi="0" ci="1" mb="0" cb="0" />
      <line nr="1948" mi="0" ci="2" mb="0" cb="0" />
      <line nr="1949" mi="0" ci="3" mb="0" cb="0" />
[...]
      <line nr="2006" mi="1" ci="0" mb="0" cb="0" />
      <line nr="2009" mi="1" ci="0" mb="0" cb="0" />
      <line nr="2013" mi="0" ci="1" mb="0" cb="0" />
      <line nr="2014" mi="0" ci="1" mb="0" cb="0" />
      <line nr="2015" mi="0" ci="1" mb="0" cb="0" />
      <line nr="2016" mi="0" ci="1" mb="0" cb="0" />
      <line nr="2017" mi="0" ci="1" mb="0" cb="0" />
      <line nr="2018" mi="0" ci="1" mb="0" cb="0" />
      <line nr="2019" mi="0" ci="2" mb="0" cb="0" />
      <line nr="2020" mi="0" ci="2" mb="0" cb="0" />
      <line nr="2031" mi="0" ci="1" mb="0" cb="0" />
      <line nr="2033" mi="0" ci="1" mb="0" cb="0" />
      <line nr="2034" mi="1" ci="0" mb="0" cb="0" />
      <line nr="2035" mi="3" ci="0" mb="0" cb="0" />
      <line nr="2039" mi="0" ci="1" mb="0" cb="0" />
      <line nr="2040" mi="0" ci="1" mb="0" cb="0" />
      <line nr="2042" mi="0" ci="1" mb="0" cb="0" />
      <line nr="2043" mi="0" ci="1" mb="0" cb="0" />
      <line nr="2045" mi="0" ci="1" mb="0" cb="0" />
      <line nr="2046" mi="0" ci="1" mb="0" cb="0" />
      <line nr="2048" mi="0" ci="1" mb="0" cb="0" />
      <line nr="2049" mi="0" ci="1" mb="0" cb="0" />
      <line nr="2051" mi="0" ci="1" mb="0" cb="0" />
      <line nr="2052" mi="0" ci="1" mb="0" cb="0" />
      <line nr="2054" mi="0" ci="1" mb="0" cb="0" />
      <line nr="2055" mi="0" ci="1" mb="0" cb="0" />
      <line nr="2056" mi="0" ci="2" mb="0" cb="0" />
      <line nr="2057" mi="0" ci="2" mb="0" cb="0" />
      <line nr="2066" mi="0" ci="3" mb="0" cb="0" />
      <line nr="2067" mi="0" ci="1" mb="0" cb="0" />
      <line nr="2068" mi="0" ci="1" mb="0" cb="0" />
      <line nr="2071" mi="0" ci="1" mb="0" cb="0" />
      <line nr="2074" mi="0" ci="3" mb="0" cb="0" />
      <line nr="2077" mi="0" ci="1" mb="0" cb="0" />
      <line nr="2090" mi="0" ci="1" mb="0" cb="0" />
      <line nr="2094" mi="0" ci="1" mb="0" cb="0" />
      <line nr="2095" mi="0" ci="3" mb="0" cb="0" />
      <line nr="2096" mi="0" ci="1" mb="0" cb="0" />
      <line nr="2097" mi="0" ci="1" mb="0" cb="0" />
      <line nr="2119" mi="0" ci="1" mb="0" cb="0" />
      <line nr="2120" mi="0" ci="1" mb="0" cb="0" />
      <line nr="2121" mi="0" ci="1" mb="0" cb="0" />
      <line nr="2122" mi="0" ci="1" mb="0" cb="0" />
      <line nr="2123" mi="0" ci="1" mb="0" cb="0" />
      <line nr="2128" mi="0" ci="1" mb="0" cb="0" />
      <line nr="2129" mi="0" ci="1" mb="0" cb="0" />
      <line nr="2130" mi="0" ci="1" mb="0" cb="0" />
      <line nr="2133" mi="0" ci="1" mb="0" cb="0" />
      <line nr="2135" mi="0" ci="1" mb="0" cb="0" />
      <line nr="2136" mi="0" ci="1" mb="0" cb="0" />
      <line nr="2137" mi="0" ci="2" mb="0" cb="0" />
      <line nr="2138" mi="0" ci="1" mb="0" cb="0" />
      <line nr="2142" mi="0" ci="1" mb="0" cb="0" />
      <line nr="2143" mi="0" ci="1" mb="0" cb="0" />
      <line nr="2144" mi="0" ci="2" mb="0" cb="0" />
      <line nr="2145" mi="0" ci="1" mb="0" cb="0" />
      <line nr="2149" mi="1" ci="0" mb="0" cb="0" />
      <line nr="2156" mi="1" ci="0" mb="0" cb="0" />
      <line nr="2157" mi="1" ci="0" mb="0" cb="0" />
      <line nr="2162" mi="0" ci="1" mb="0" cb="0" />
      <line nr="2163" mi="0" ci="2" mb="0" cb="0" />
      <line nr="2164" mi="0" ci="4" mb="0" cb="0" />
      <line nr="2166" mi="0" ci="1" mb="0" cb="0" />
      <line nr="2167" mi="0" ci="1" mb="0" cb="0" />
      <line nr="2170" mi="0" ci="1" mb="0" cb="0" />
      <line nr="2171" mi="0" ci="1" mb="0" cb="0" />
      <line nr="2176" mi="0" ci="2" mb="0" cb="0" />
      <line nr="2177" mi="0" ci="3" mb="0" cb="0" />
      <line nr="2180" mi="0" ci="1" mb="0" cb="0" />
      <line nr="2181" mi="0" ci="1" mb="0" cb="0" />
      <line nr="2182" mi="0" ci="1" mb="0" cb="0" />
      <line nr="2184" mi="0" ci="1" mb="0" cb="0" />
      <line nr="2185" mi="0" ci="2" mb="0" cb="0" />
      <line nr="2187" mi="0" ci="1" mb="0" cb="0" />
      <line nr="2188" mi="0" ci="1" mb="0" cb="0" />
      <line nr="2189" mi="0" ci="3" mb="0" cb="0" />
      <line nr="2190" mi="0" ci="1" mb="0" cb="0" />
      <line nr="2193" mi="0" ci="1" mb="0" cb="0" />
      <line nr="2198" mi="0" ci="1" mb="0" cb="0" />
      <line nr="2199" mi="0" ci="2" mb="0" cb="0" />
      <line nr="2205" mi="0" ci="1" mb="0" cb="0" />
      <line nr="2207" mi="0" ci="1" mb="0" cb="0" />
      <line nr="2211" mi="0" ci="1" mb="0" cb="0" />
      <line nr="2215" mi="2" ci="0" mb="0" cb="0" />
      <line nr="2226" mi="0" ci="1" mb="0" cb="0" />
      <line nr="2227" mi="0" ci="1" mb="0" cb="0" />
      <line nr="2228" mi="0" ci="1" mb="0" cb="0" />
      <line nr="2231" mi="0" ci="1" mb="0" cb="0" />
      <line nr="2234" mi="0" ci="3" mb="0" cb="0" />
      <line nr="2237" mi="0" ci="1" mb="0" cb="0" />
      <line nr="2250" mi="0" ci="1" mb="0" cb="0" />
      <line nr="2254" mi="0" ci="1" mb="0" cb="0" />
      <line nr="2255" mi="0" ci="3" mb="0" cb="0" />
      <line nr="2256" mi="0" ci="1" mb="0" cb="0" />
      <line nr="2257" mi="0" ci="1" mb="0" cb="0" />
      <line nr="2261" mi="0" ci="1" mb="0" cb="0" />
      <line nr="2262" mi="0" ci="1" mb="0" cb="0" />
      <line nr="2263" mi="0" ci="1" mb="0" cb="0" />
      <line nr="2264" mi="0" ci="1" mb="0" cb="0" />
      <line nr="2265" mi="2" ci="0" mb="0" cb="0" />
      <line nr="2268" mi="0" ci="1" mb="0" cb="0" />
      <line nr="2272" mi="0" ci="1" mb="0" cb="0" />
      <line nr="2273" mi="0" ci="1" mb="0" cb="0" />
      <line nr="2274" mi="0" ci="2" mb="0" cb="0" />
      <line nr="2275" mi="0" ci="2" mb="0" cb="0" />
      <line nr="2276" mi="2" ci="0" mb="0" cb="0" />
      <line nr="2279" mi="0" ci="1" mb="0" cb="0" />
      <line nr="2283" mi="0" ci="1" mb="0" cb="0" />
      <line nr="2284" mi="0" ci="1" mb="0" cb="0" />
      <line nr="2285" mi="0" ci="1" mb="0" cb="0" />
      <line nr="2286" mi="0" ci="1" mb="0" cb="0" />
      <line nr="2287" mi="2" ci="0" mb="0" cb="0" />
      <line nr="2290" mi="0" ci="1" mb="0" cb="0" />
      <line nr="2294" mi="0" ci="1" mb="0" cb="0" />
      <line nr="2295" mi="0" ci="1" mb="0" cb="0" />
      <line nr="2296" mi="0" ci="2" mb="0" cb="0" />
      <line nr="2297" mi="0" ci="2" mb="0" cb="0" />
      <line nr="2298" mi="2" ci="0" mb="0" cb="0" />
      <line nr="2301" mi="0" ci="1" mb="0" cb="0" />
      <line nr="2305" mi="0" ci="1" mb="0" cb="0" />
      <line nr="2306" mi="0" ci="1" mb="0" cb="0" />
      <line nr="2307" mi="0" ci="3" mb="0" cb="0" />
      <line nr="2308" mi="0" ci="3" mb="0" cb="0" />
      <line nr="2309" mi="2" ci="0" mb="0" cb="0" />
      <line nr="2312" mi="0" ci="1" mb="0" cb="0" />
      <line nr="2329" mi="0" ci="1" mb="0" cb="0" />
      <line nr="2330" mi="0" ci="1" mb="0" cb="0" />
      <line nr="2331" mi="0" ci="1" mb="0" cb="0" />
      <line nr="2332" mi="0" ci="1" mb="0" cb="0" />
      <line nr="2344" mi="0" ci="1" mb="0" cb="0" />
      <line nr="2346" mi="0" ci="1" mb="0" cb="0" />
      <line nr="2347" mi="0" ci="1" mb="0" cb="0" />
      <line nr="2350" mi="0" ci="1" mb="0" cb="0" />
      <line nr="2351" mi="1" ci="0" mb="0" cb="0" />
      <line nr="2354" mi="0" ci="1" mb="0" cb="0" />
      <line nr="2355" mi="1" ci="0" mb="0" cb="0" />
      <line nr="2358" mi="0" ci="1" mb="0" cb="0" />
      <line nr="2360" mi="0" ci="1" mb="0" cb="0" />
      <line nr="2363" mi="0" ci="1" mb="0" cb="0" />
      <line nr="2364" mi="0" ci="1" mb="0" cb="0" />
      <line nr="2368" mi="0" ci="1" mb="0" cb="0" />
      <line nr="2373" mi="0" ci="1" mb="0" cb="0" />
      <line nr="2374" mi="0" ci="1" mb="0" cb="0" />
      <line nr="2378" mi="0" ci="1" mb="0" cb="0" />
      <line nr="2395" mi="0" ci="6" mb="0" cb="0" />
      <line nr="2397" mi="0" ci="1" mb="0" cb="0" />
      <line nr="2398" mi="1" ci="0" mb="0" cb="0" />
      <line nr="2401" mi="0" ci="1" mb="0" cb="0" />
      <line nr="2402" mi="1" ci="0" mb="0" cb="0" />
      <line nr="2405" mi="0" ci="1" mb="0" cb="0" />
      <line nr="2406" mi="1" ci="0" mb="0" cb="0" />
      <line nr="2409" mi="0" ci="1" mb="0" cb="0" />
      <line nr="2410" mi="1" ci="0" mb="0" cb="0" />
      <line nr="2413" mi="0" ci="1" mb="0" cb="0" />
      <line nr="2414" mi="0" ci="1" mb="0" cb="0" />
      <line nr="2415" mi="0" ci="1" mb="0" cb="0" />
      <line nr="2416" mi="0" ci="1" mb="0" cb="0" />
      <line nr="2426" mi="0" ci="1" mb="0" cb="0" />
      <line nr="2440" mi="0" ci="1" mb="0" cb="0" />
      <line nr="2457" mi="0" ci="1" mb="0" cb="0" />
      <line nr="2458" mi="1" ci="5" mb="0" cb="0" />
      <line nr="2459" mi="0" ci="1" mb="0" cb="0" />
      <line nr="2460" mi="0" ci="1" mb="0" cb="0" />
      <line nr="2465" mi="0" ci="1" mb="0" cb="0" />
      <line nr="2466" mi="0" ci="1" mb="0" cb="0" />
      <line nr="2467" mi="0" ci="1" mb="0" cb="0" />
      <line nr="2468" mi="0" ci="1" mb="0" cb="0" />
      <line nr="2469" mi="0" ci="1" mb="0" cb="0" />
      <line nr="2471" mi="0" ci="1" mb="0" cb="0" />
      <line nr="2472" mi="0" ci="1" mb="0" cb="0" />
      <line nr="2474" mi="0" ci="1" mb="0" cb="0" />
      <line nr="2475" mi="0" ci="1" mb="0" cb="0" />
      <line nr="2476" mi="0" ci="1" mb="0" cb="0" />
      <line nr="2477" mi="0" ci="1" mb="0" cb="0" />
      <line nr="2478" mi="0" ci="1" mb="0" cb="0" />
      <line nr="2479" mi="0" ci="1" mb="0" cb="0" />
      <line nr="2480" mi="0" ci="1" mb="0" cb="0" />
      <line nr="2481" mi="0" ci="1" mb="0" cb="0" />
      <line nr="2483" mi="0" ci="1" mb="0" cb="0" />
      <line nr="2484" mi="0" ci="1" mb="0" cb="0" />
      <line nr="2485" mi="0" ci="1" mb="0" cb="0" />
      <line nr="2486" mi="0" ci="1" mb="0" cb="0" />
      <line nr="2487" mi="0" ci="1" mb="0" cb="0" />
      <line nr="2489" mi="0" ci="1" mb="0" cb="0" />
      <line nr="2501" mi="0" ci="1" mb="0" cb="0" />
      <line nr="2502" mi="0" ci="1" mb="0" cb="0" />
      <line nr="2504" mi="0" ci="1" mb="0" cb="0" />
      <line nr="2511" mi="0" ci="1" mb="0" cb="0" />
      <line nr="2515" mi="0" ci="1" mb="0" cb="0" />
      <line nr="2516" mi="1" ci="0" mb="0" cb="0" />
      <line nr="2519" mi="0" ci="1" mb="0" cb="0" />
      <line nr="2523" mi="0" ci="1" mb="0" cb="0" />
      <line nr="2524" mi="2" ci="0" mb="0" cb="0" />
      <line nr="2527" mi="0" ci="1" mb="0" cb="0" />
      <counter type="INSTRUCTION" missed="490" covered="704" />
      <counter type="LINE" missed="383" covered="605" />
      <counter type="METHOD" missed="48" covered="107" />
      <counter type="CLASS" missed="0" covered="1" />
    </sourcefile>
    <counter type="INSTRUCTION" missed="490" covered="704" />
    <counter type="LINE" missed="383" covered="605" />
    <counter type="METHOD" missed="48" covered="107" />
    <counter type="CLASS" missed="0" covered="1" />
  </package>
  <package name="workspace/Private">
    <class name="workspace/Private/Convert-BatchRunSummaryToPublicObject" sourcefilename="Private/Convert-BatchRunSummaryToPublicObject.ps1">
      <method name="Convert-BatchRunSummaryToPublicObject" desc="()" line="25">
        <counter type="INSTRUCTION" missed="0" covered="27" />
        <counter type="LINE" missed="0" covered="25" />
        <counter type="METHOD" missed="0" covered="1" />
      </method>
      <counter type="INSTRUCTION" missed="0" covered="27" />
      <counter type="LINE" missed="0" covered="25" />
      <counter type="METHOD" missed="0" covered="1" />
      <counter type="CLASS" missed="0" covered="1" />
    </class>
    <class name="workspace/Private/Import-AutomationDependencies" sourcefilename="Private/Import-AutomationDependencies.ps1">
      <method name="Import-AutomationDependencies" desc="()" line="19">
        <counter type="INSTRUCTION" missed="2" covered="6" />
        <counter type="LINE" missed="2" covered="6" />
        <counter type="METHOD" missed="0" covered="1" />
      </method>
      <counter type="INSTRUCTION" missed="2" covered="6" />
      <counter type="LINE" missed="2" covered="6" />
      <counter type="METHOD" missed="0" covered="1" />
      <counter type="CLASS" missed="0" covered="1" />
    </class>
    <class name="workspace/Private/Write-AutomationLogEntry" sourcefilename="Private/Write-AutomationLogEntry.ps1">
      <method name="Write-AutomationLogEntry" desc="()" line="25">
        <counter type="INSTRUCTION" missed="3" covered="5" />
        <counter type="LINE" missed="3" covered="5" />
        <counter type="METHOD" missed="0" covered="1" />
      </method>
      <counter type="INSTRUCTION" missed="3" covered="5" />
      <counter type="LINE" missed="3" covered="5" />
      <counter type="METHOD" missed="0" covered="1" />
      <counter type="CLASS" missed="0" covered="1" />
    </class>
    <class name="workspace/Private/Write-AutomationRunLog" sourcefilename="Private/Write-AutomationRunLog.ps1">
      <method name="Write-AutomationRunLog" desc="()" line="31">
        <counter type="INSTRUCTION" missed="0" covered="21" />
        <counter type="LINE" missed="0" covered="18" />
        <counter type="METHOD" missed="0" covered="1" />
      </method>
      <counter type="INSTRUCTION" missed="0" covered="21" />
      <counter type="LINE" missed="0" covered="18" />
      <counter type="METHOD" missed="0" covered="1" />
      <counter type="CLASS" missed="0" covered="1" />
    </class>
    <sourcefile name="Private/Convert-BatchRunSummaryToPublicObject.ps1">
      <line nr="25" mi="0" ci="1" mb="0" cb="0" />
      <line nr="26" mi="0" ci="2" mb="0" cb="0" />
      <line nr="27" mi="0" ci="1" mb="0" cb="0" />
      <line nr="28" mi="0" ci="1" mb="0" cb="0" />
      <line nr="29" mi="0" ci="1" mb="0" cb="0" />
      <line nr="30" mi="0" ci="1" mb="0" cb="0" />
      <line nr="31" mi="0" ci="1" mb="0" cb="0" />
      <line nr="32" mi="0" ci="1" mb="0" cb="0" />
      <line nr="33" mi="0" ci="1" mb="0" cb="0" />
      <line nr="34" mi="0" ci="1" mb="0" cb="0" />
      <line nr="35" mi="0" ci="1" mb="0" cb="0" />
      <line nr="39" mi="0" ci="1" mb="0" cb="0" />
      <line nr="40" mi="0" ci="2" mb="0" cb="0" />
      <line nr="41" mi="0" ci="1" mb="0" cb="0" />
      <line nr="42" mi="0" ci="1" mb="0" cb="0" />
      <line nr="43" mi="0" ci="1" mb="0" cb="0" />
      <line nr="44" mi="0" ci="1" mb="0" cb="0" />
      <line nr="48" mi="0" ci="1" mb="0" cb="0" />
      <line nr="49" mi="0" ci="1" mb="0" cb="0" />
      <line nr="50" mi="0" ci="1" mb="0" cb="0" />
      <line nr="51" mi="0" ci="1" mb="0" cb="0" />
      <line nr="52" mi="0" ci="1" mb="0" cb="0" />
      <line nr="53" mi="0" ci="1" mb="0" cb="0" />
      <line nr="54" mi="0" ci="1" mb="0" cb="0" />
      <line nr="55" mi="0" ci="1" mb="0" cb="0" />
      <counter type="INSTRUCTION" missed="0" covered="27" />
      <counter type="LINE" missed="0" covered="25" />
      <counter type="METHOD" missed="0" covered="1" />
      <counter type="CLASS" missed="0" covered="1" />
    </sourcefile>
    <sourcefile name="Private/Import-AutomationDependencies.ps1">
      <line nr="19" mi="0" ci="1" mb="0" cb="0" />
      <line nr="20" mi="0" ci="1" mb="0" cb="0" />
      <line nr="21" mi="0" ci="1" mb="0" cb="0" />
      <line nr="22" mi="0" ci="1" mb="0" cb="0" />
      <line nr="25" mi="0" ci="1" mb="0" cb="0" />
      <line nr="27" mi="0" ci="1" mb="0" cb="0" />
      <line nr="30" mi="1" ci="0" mb="0" cb="0" />
      <line nr="31" mi="1" ci="0" mb="0" cb="0" />
      <counter type="INSTRUCTION" missed="2" covered="6" />
      <counter type="LINE" missed="2" covered="6" />
      <counter type="METHOD" missed="0" covered="1" />
      <counter type="CLASS" missed="0" covered="1" />
    </sourcefile>
    <sourcefile name="Private/Write-AutomationLogEntry.ps1">
      <line nr="25" mi="0" ci="1" mb="0" cb="0" />
      <line nr="27" mi="0" ci="1" mb="0" cb="0" />
      <line nr="29" mi="0" ci="1" mb="0" cb="0" />
      <line nr="33" mi="1" ci="0" mb="0" cb="0" />
      <line nr="37" mi="0" ci="1" mb="0" cb="0" />
      <line nr="41" mi="0" ci="1" mb="0" cb="0" />
      <line nr="45" mi="1" ci="0" mb="0" cb="0" />
      <line nr="49" mi="1" ci="0" mb="0" cb="0" />
      <counter type="INSTRUCTION" missed="3" covered="5" />
      <counter type="LINE" missed="3" covered="5" />
      <counter type="METHOD" missed="0" covered="1" />
      <counter type="CLASS" missed="0" covered="1" />
    </sourcefile>
    <sourcefile name="Private/Write-AutomationRunLog.ps1">
      <line nr="31" mi="0" ci="1" mb="0" cb="0" />
      <line nr="32" mi="0" ci="1" mb="0" cb="0" />
      <line nr="33" mi="0" ci="1" mb="0" cb="0" />
      <line nr="34" mi="0" ci="1" mb="0" cb="0" />
      <line nr="35" mi="0" ci="1" mb="0" cb="0" />
      <line nr="36" mi="0" ci="2" mb="0" cb="0" />
      <line nr="37" mi="0" ci="1" mb="0" cb="0" />
      <line nr="40" mi="0" ci="2" mb="0" cb="0" />
      <line nr="41" mi="0" ci="1" mb="0" cb="0" />
      <line nr="42" mi="0" ci="1" mb="0" cb="0" />
      <line nr="43" mi="0" ci="1" mb="0" cb="0" />
      <line nr="44" mi="0" ci="1" mb="0" cb="0" />
      <line nr="45" mi="0" ci="1" mb="0" cb="0" />
      <line nr="46" mi="0" ci="1" mb="0" cb="0" />
      <line nr="48" mi="0" ci="2" mb="0" cb="0" />
      <line nr="49" mi="0" ci="1" mb="0" cb="0" />
      <line nr="53" mi="0" ci="1" mb="0" cb="0" />
      <line nr="54" mi="0" ci="1" mb="0" cb="0" />
      <counter type="INSTRUCTION" missed="0" covered="21" />
      <counter type="LINE" missed="0" covered="18" />
      <counter type="METHOD" missed="0" covered="1" />
      <counter type="CLASS" missed="0" covered="1" />
    </sourcefile>
    <counter type="INSTRUCTION" missed="5" covered="59" />
    <counter type="LINE" missed="5" covered="54" />
    <counter type="METHOD" missed="0" covered="4" />
    <counter type="CLASS" missed="0" covered="4" />
  </package>
  <package name="workspace/Public">
    <class name="workspace/Public/Start-DhcpScopeAutomation" sourcefilename="Public/Start-DhcpScopeAutomation.ps1">
      <method name="Start-DhcpScopeAutomation" desc="()" line="82">
        <counter type="INSTRUCTION" missed="1" covered="19" />
        <counter type="LINE" missed="1" covered="15" />
        <counter type="METHOD" missed="0" covered="1" />
      </method>
      <counter type="INSTRUCTION" missed="1" covered="19" />
      <counter type="LINE" missed="1" covered="15" />
      <counter type="METHOD" missed="0" covered="1" />
      <counter type="CLASS" missed="0" covered="1" />
    </class>
    <sourcefile name="Public/Start-DhcpScopeAutomation.ps1">
      <line nr="82" mi="0" ci="1" mb="0" cb="0" />
      <line nr="83" mi="0" ci="1" mb="0" cb="0" />
      <line nr="86" mi="0" ci="1" mb="0" cb="0" />
      <line nr="87" mi="0" ci="1" mb="0" cb="0" />
      <line nr="88" mi="1" ci="0" mb="0" cb="0" />
      <line nr="96" mi="0" ci="1" mb="0" cb="0" />
      <line nr="97" mi="0" ci="1" mb="0" cb="0" />
      <line nr="104" mi="0" ci="1" mb="0" cb="0" />
      <line nr="105" mi="0" ci="2" mb="0" cb="0" />
      <line nr="107" mi="0" ci="2" mb="0" cb="0" />
      <line nr="108" mi="0" ci="2" mb="0" cb="0" />
      <line nr="109" mi="0" ci="1" mb="0" cb="0" />
      <line nr="113" mi="0" ci="1" mb="0" cb="0" />
      <line nr="114" mi="0" ci="2" mb="0" cb="0" />
      <line nr="115" mi="0" ci="1" mb="0" cb="0" />
      <line nr="118" mi="0" ci="1" mb="0" cb="0" />
      <counter type="INSTRUCTION" missed="1" covered="19" />
      <counter type="LINE" missed="1" covered="15" />
      <counter type="METHOD" missed="0" covered="1" />
      <counter type="CLASS" missed="0" covered="1" />
    </sourcefile>
    <counter type="INSTRUCTION" missed="1" covered="19" />
    <counter type="LINE" missed="1" covered="15" />
    <counter type="METHOD" missed="0" covered="1" />
    <counter type="CLASS" missed="0" covered="1" />
  </package>
  <counter type="INSTRUCTION" missed="496" covered="782" />
  <counter type="LINE" missed="389" covered="674" />
  <counter type="METHOD" missed="48" covered="112" />
  <counter type="CLASS" missed="0" covered="6" />
</report>
